ARM GAS  C:\Users\jdrd3\AppData\Local\Temp\ccYNJYgz.s 			page 1


   1              		.syntax unified
   2              		.cpu cortex-m0
   3              		.fpu softvfp
   4              		.eabi_attribute 20, 1
   5              		.eabi_attribute 21, 1
   6              		.eabi_attribute 23, 3
   7              		.eabi_attribute 24, 1
   8              		.eabi_attribute 25, 1
   9              		.eabi_attribute 26, 1
  10              		.eabi_attribute 30, 6
  11              		.eabi_attribute 34, 0
  12              		.eabi_attribute 18, 4
  13              		.thumb
  14              		.syntax unified
  15              		.file	"Cm0Start.c"
  16              		.text
  17              	.Ltext0:
  18              		.cfi_sections	.debug_frame
  19              		.section	.noinit,"aw",%progbits
  20              		.align	2
  21              		.type	cySysNoInitDataValid, %object
  22              		.size	cySysNoInitDataValid, 4
  23              	cySysNoInitDataValid:
  24 0000 00000000 		.space	4
  25              		.section	.text.IntDefaultHandler,"ax",%progbits
  26              		.align	2
  27              		.global	IntDefaultHandler
  28              		.code	16
  29              		.thumb_func
  30              		.type	IntDefaultHandler, %function
  31              	IntDefaultHandler:
  32              	.LFB0:
  33              		.file 1 "Generated_Source\\PSoC4\\Cm0Start.c"
   1:Generated_Source\PSoC4/Cm0Start.c **** /*******************************************************************************
   2:Generated_Source\PSoC4/Cm0Start.c **** * File Name: Cm0Start.c
   3:Generated_Source\PSoC4/Cm0Start.c **** * Version 4.20
   4:Generated_Source\PSoC4/Cm0Start.c **** *
   5:Generated_Source\PSoC4/Cm0Start.c **** *  Description:
   6:Generated_Source\PSoC4/Cm0Start.c **** *  Startup code for the ARM CM0.
   7:Generated_Source\PSoC4/Cm0Start.c **** *
   8:Generated_Source\PSoC4/Cm0Start.c **** ********************************************************************************
   9:Generated_Source\PSoC4/Cm0Start.c **** * Copyright 2010-2014, Cypress Semiconductor Corporation.  All rights reserved.
  10:Generated_Source\PSoC4/Cm0Start.c **** * You may use this file only in accordance with the license, terms, conditions,
  11:Generated_Source\PSoC4/Cm0Start.c **** * disclaimers, and limitations in the end user license agreement accompanying
  12:Generated_Source\PSoC4/Cm0Start.c **** * the software package with which this file was provided.
  13:Generated_Source\PSoC4/Cm0Start.c **** *******************************************************************************/
  14:Generated_Source\PSoC4/Cm0Start.c **** 
  15:Generated_Source\PSoC4/Cm0Start.c **** #include <limits.h>
  16:Generated_Source\PSoC4/Cm0Start.c **** #include "cydevice_trm.h"
  17:Generated_Source\PSoC4/Cm0Start.c **** #include "cytypes.h"
  18:Generated_Source\PSoC4/Cm0Start.c **** #include "cyfitter_cfg.h"
  19:Generated_Source\PSoC4/Cm0Start.c **** #include "CyLib.h"
  20:Generated_Source\PSoC4/Cm0Start.c **** #include "cyfitter.h"
  21:Generated_Source\PSoC4/Cm0Start.c **** 
  22:Generated_Source\PSoC4/Cm0Start.c **** #define CY_NUM_VECTORS              (CY_INT_IRQ_BASE + CY_NUM_INTERRUPTS)
  23:Generated_Source\PSoC4/Cm0Start.c **** #define CY_CPUSS_CONFIG_VECT_IN_RAM (( uint32 ) 0x01)
  24:Generated_Source\PSoC4/Cm0Start.c **** 
ARM GAS  C:\Users\jdrd3\AppData\Local\Temp\ccYNJYgz.s 			page 2


  25:Generated_Source\PSoC4/Cm0Start.c **** /* CPUSS Configuration register */
  26:Generated_Source\PSoC4/Cm0Start.c **** #define CY_CPUSS_CONFIG_REG         (*(reg32 *) CYREG_CPUSS_CONFIG)
  27:Generated_Source\PSoC4/Cm0Start.c **** #define CY_CPUSS_CONFIG_PTR         ( (reg32 *) CYREG_CPUSS_CONFIG)
  28:Generated_Source\PSoC4/Cm0Start.c **** 
  29:Generated_Source\PSoC4/Cm0Start.c **** 
  30:Generated_Source\PSoC4/Cm0Start.c **** #if defined (__ICCARM__)
  31:Generated_Source\PSoC4/Cm0Start.c ****     #define CY_NUM_ROM_VECTORS      (CY_NUM_VECTORS)
  32:Generated_Source\PSoC4/Cm0Start.c **** #else
  33:Generated_Source\PSoC4/Cm0Start.c ****     #define CY_NUM_ROM_VECTORS      (4u)
  34:Generated_Source\PSoC4/Cm0Start.c **** #endif  /* defined (__ICCARM__) */
  35:Generated_Source\PSoC4/Cm0Start.c **** 
  36:Generated_Source\PSoC4/Cm0Start.c **** #if defined(__ARMCC_VERSION)
  37:Generated_Source\PSoC4/Cm0Start.c ****     #define INITIAL_STACK_POINTER ((cyisraddress)(uint32)&Image$$ARM_LIB_STACK$$ZI$$Limit)
  38:Generated_Source\PSoC4/Cm0Start.c **** #elif defined (__GNUC__)
  39:Generated_Source\PSoC4/Cm0Start.c ****     #define INITIAL_STACK_POINTER (&__cy_stack)
  40:Generated_Source\PSoC4/Cm0Start.c **** #elif defined (__ICCARM__)
  41:Generated_Source\PSoC4/Cm0Start.c ****     #pragma language=extended
  42:Generated_Source\PSoC4/Cm0Start.c ****     #pragma segment="CSTACK"
  43:Generated_Source\PSoC4/Cm0Start.c ****     #define INITIAL_STACK_POINTER  { .__ptr = __sfe( "CSTACK" ) }
  44:Generated_Source\PSoC4/Cm0Start.c **** 
  45:Generated_Source\PSoC4/Cm0Start.c ****     extern void __iar_program_start( void );
  46:Generated_Source\PSoC4/Cm0Start.c ****     extern void __iar_data_init3 (void);
  47:Generated_Source\PSoC4/Cm0Start.c **** #endif  /* (__ARMCC_VERSION) */
  48:Generated_Source\PSoC4/Cm0Start.c **** 
  49:Generated_Source\PSoC4/Cm0Start.c **** #if defined(__GNUC__)
  50:Generated_Source\PSoC4/Cm0Start.c ****     #include <errno.h>
  51:Generated_Source\PSoC4/Cm0Start.c ****     extern int  errno;
  52:Generated_Source\PSoC4/Cm0Start.c ****     extern int  end;
  53:Generated_Source\PSoC4/Cm0Start.c **** #endif  /* defined(__GNUC__) */
  54:Generated_Source\PSoC4/Cm0Start.c **** 
  55:Generated_Source\PSoC4/Cm0Start.c **** /* Extern functions */
  56:Generated_Source\PSoC4/Cm0Start.c **** extern void CyBtldr_CheckLaunch(void);
  57:Generated_Source\PSoC4/Cm0Start.c **** 
  58:Generated_Source\PSoC4/Cm0Start.c **** /* Function prototypes */
  59:Generated_Source\PSoC4/Cm0Start.c **** void initialize_psoc(void);
  60:Generated_Source\PSoC4/Cm0Start.c **** 
  61:Generated_Source\PSoC4/Cm0Start.c **** /* Global variables */
  62:Generated_Source\PSoC4/Cm0Start.c **** #if !defined (__ICCARM__)
  63:Generated_Source\PSoC4/Cm0Start.c ****     CY_NOINIT static uint32 cySysNoInitDataValid;
  64:Generated_Source\PSoC4/Cm0Start.c **** #endif  /* !defined (__ICCARM__) */
  65:Generated_Source\PSoC4/Cm0Start.c **** 
  66:Generated_Source\PSoC4/Cm0Start.c **** 
  67:Generated_Source\PSoC4/Cm0Start.c **** #if (CYDEV_PROJ_TYPE != CYDEV_PROJ_TYPE_STANDARD)
  68:Generated_Source\PSoC4/Cm0Start.c **** 
  69:Generated_Source\PSoC4/Cm0Start.c ****     /*******************************************************************************
  70:Generated_Source\PSoC4/Cm0Start.c ****     This variable is used by the Bootloader/Bootloadable components to schedule
  71:Generated_Source\PSoC4/Cm0Start.c ****     what application will be started after a software reset.
  72:Generated_Source\PSoC4/Cm0Start.c ****     *******************************************************************************/
  73:Generated_Source\PSoC4/Cm0Start.c ****     #if (__ARMCC_VERSION)
  74:Generated_Source\PSoC4/Cm0Start.c ****         __attribute__ ((section(".bootloaderruntype"), zero_init))
  75:Generated_Source\PSoC4/Cm0Start.c ****     #elif defined (__GNUC__)
  76:Generated_Source\PSoC4/Cm0Start.c ****         __attribute__ ((section(".bootloaderruntype")))
  77:Generated_Source\PSoC4/Cm0Start.c ****     #elif defined (__ICCARM__)
  78:Generated_Source\PSoC4/Cm0Start.c ****         #pragma location=".bootloaderruntype"
  79:Generated_Source\PSoC4/Cm0Start.c ****     #endif /* (__ARMCC_VERSION) */
  80:Generated_Source\PSoC4/Cm0Start.c ****     volatile uint32 cyBtldrRunType;
  81:Generated_Source\PSoC4/Cm0Start.c **** 
ARM GAS  C:\Users\jdrd3\AppData\Local\Temp\ccYNJYgz.s 			page 3


  82:Generated_Source\PSoC4/Cm0Start.c **** #endif  /* (CYDEV_PROJ_TYPE != CYDEV_PROJ_TYPE_STANDARD) */
  83:Generated_Source\PSoC4/Cm0Start.c **** 
  84:Generated_Source\PSoC4/Cm0Start.c **** 
  85:Generated_Source\PSoC4/Cm0Start.c **** /*******************************************************************************
  86:Generated_Source\PSoC4/Cm0Start.c **** * Function Name: IntDefaultHandler
  87:Generated_Source\PSoC4/Cm0Start.c **** ********************************************************************************
  88:Generated_Source\PSoC4/Cm0Start.c **** *
  89:Generated_Source\PSoC4/Cm0Start.c **** * Summary:
  90:Generated_Source\PSoC4/Cm0Start.c **** *  This function is called for all interrupts, other than a reset that is called
  91:Generated_Source\PSoC4/Cm0Start.c **** *  before the system is setup.
  92:Generated_Source\PSoC4/Cm0Start.c **** *
  93:Generated_Source\PSoC4/Cm0Start.c **** * Parameters:
  94:Generated_Source\PSoC4/Cm0Start.c **** *  None
  95:Generated_Source\PSoC4/Cm0Start.c **** *
  96:Generated_Source\PSoC4/Cm0Start.c **** * Return:
  97:Generated_Source\PSoC4/Cm0Start.c **** *  None
  98:Generated_Source\PSoC4/Cm0Start.c **** *
  99:Generated_Source\PSoC4/Cm0Start.c **** * Theory:
 100:Generated_Source\PSoC4/Cm0Start.c **** *   Any value other than zero is acceptable.
 101:Generated_Source\PSoC4/Cm0Start.c **** *
 102:Generated_Source\PSoC4/Cm0Start.c **** *******************************************************************************/
 103:Generated_Source\PSoC4/Cm0Start.c **** CY_NORETURN
 104:Generated_Source\PSoC4/Cm0Start.c **** CY_ISR(IntDefaultHandler)
 105:Generated_Source\PSoC4/Cm0Start.c **** {
  34              		.loc 1 105 0
  35              		.cfi_startproc
  36              		@ args = 0, pretend = 0, frame = 0
  37              		@ frame_needed = 1, uses_anonymous_args = 0
  38 0000 80B5     		push	{r7, lr}
  39              		.cfi_def_cfa_offset 8
  40              		.cfi_offset 7, -8
  41              		.cfi_offset 14, -4
  42 0002 00AF     		add	r7, sp, #0
  43              		.cfi_def_cfa_register 7
  44              	.L2:
 106:Generated_Source\PSoC4/Cm0Start.c ****     /***************************************************************************
 107:Generated_Source\PSoC4/Cm0Start.c ****     * We must not get here. If we do, a serious problem occurs, so go into
 108:Generated_Source\PSoC4/Cm0Start.c ****     * an infinite loop.
 109:Generated_Source\PSoC4/Cm0Start.c ****     ***************************************************************************/
 110:Generated_Source\PSoC4/Cm0Start.c ****     while(1)
 111:Generated_Source\PSoC4/Cm0Start.c ****     {
 112:Generated_Source\PSoC4/Cm0Start.c **** 
 113:Generated_Source\PSoC4/Cm0Start.c ****     }
  45              		.loc 1 113 0 discriminator 1
  46 0004 FEE7     		b	.L2
  47              		.cfi_endproc
  48              	.LFE0:
  49              		.size	IntDefaultHandler, .-IntDefaultHandler
  50              		.global	__aeabi_idiv
  51              		.section	.text._exit,"ax",%progbits
  52              		.align	2
  53              		.weak	_exit
  54              		.code	16
  55              		.thumb_func
  56              		.type	_exit, %function
  57              	_exit:
  58              	.LFB1:
ARM GAS  C:\Users\jdrd3\AppData\Local\Temp\ccYNJYgz.s 			page 4


 114:Generated_Source\PSoC4/Cm0Start.c **** }
 115:Generated_Source\PSoC4/Cm0Start.c **** 
 116:Generated_Source\PSoC4/Cm0Start.c **** #if defined(__ARMCC_VERSION)
 117:Generated_Source\PSoC4/Cm0Start.c **** 
 118:Generated_Source\PSoC4/Cm0Start.c **** /* Local function for device reset. */
 119:Generated_Source\PSoC4/Cm0Start.c **** extern void Reset(void);
 120:Generated_Source\PSoC4/Cm0Start.c **** 
 121:Generated_Source\PSoC4/Cm0Start.c **** /* Application entry point. */
 122:Generated_Source\PSoC4/Cm0Start.c **** extern void $Super$$main(void);
 123:Generated_Source\PSoC4/Cm0Start.c **** 
 124:Generated_Source\PSoC4/Cm0Start.c **** /* Linker-generated Stack Base addresses, Two Region and One Region */
 125:Generated_Source\PSoC4/Cm0Start.c **** extern unsigned long Image$$ARM_LIB_STACK$$ZI$$Limit;
 126:Generated_Source\PSoC4/Cm0Start.c **** 
 127:Generated_Source\PSoC4/Cm0Start.c **** /* RealView C Library initialization. */
 128:Generated_Source\PSoC4/Cm0Start.c **** extern int __main(void);
 129:Generated_Source\PSoC4/Cm0Start.c **** 
 130:Generated_Source\PSoC4/Cm0Start.c **** 
 131:Generated_Source\PSoC4/Cm0Start.c **** /*******************************************************************************
 132:Generated_Source\PSoC4/Cm0Start.c **** * Function Name: Reset
 133:Generated_Source\PSoC4/Cm0Start.c **** ********************************************************************************
 134:Generated_Source\PSoC4/Cm0Start.c **** *
 135:Generated_Source\PSoC4/Cm0Start.c **** * Summary:
 136:Generated_Source\PSoC4/Cm0Start.c **** *  This function handles the reset interrupt for the RVDS/MDK toolchains.
 137:Generated_Source\PSoC4/Cm0Start.c **** *  This is the first bit of code that is executed at startup.
 138:Generated_Source\PSoC4/Cm0Start.c **** *
 139:Generated_Source\PSoC4/Cm0Start.c **** * Parameters:
 140:Generated_Source\PSoC4/Cm0Start.c **** *  None
 141:Generated_Source\PSoC4/Cm0Start.c **** *
 142:Generated_Source\PSoC4/Cm0Start.c **** * Return:
 143:Generated_Source\PSoC4/Cm0Start.c **** *  None
 144:Generated_Source\PSoC4/Cm0Start.c **** *
 145:Generated_Source\PSoC4/Cm0Start.c **** *******************************************************************************/
 146:Generated_Source\PSoC4/Cm0Start.c **** void Reset(void)
 147:Generated_Source\PSoC4/Cm0Start.c **** {
 148:Generated_Source\PSoC4/Cm0Start.c ****     #if (CYDEV_PROJ_TYPE == CYDEV_PROJ_TYPE_LOADABLE)
 149:Generated_Source\PSoC4/Cm0Start.c ****         /* The bootloadable application image is started at Reset() handler
 150:Generated_Source\PSoC4/Cm0Start.c ****         * as a result of a branch instruction execution from the bootloader.
 151:Generated_Source\PSoC4/Cm0Start.c ****         * So, the stack pointer needs to be reset to be sure that
 152:Generated_Source\PSoC4/Cm0Start.c ****         * there is no garbage in the stack.
 153:Generated_Source\PSoC4/Cm0Start.c ****         */
 154:Generated_Source\PSoC4/Cm0Start.c ****         register uint32_t msp __asm("msp");
 155:Generated_Source\PSoC4/Cm0Start.c ****         msp = (uint32_t)&Image$$ARM_LIB_STACK$$ZI$$Limit;
 156:Generated_Source\PSoC4/Cm0Start.c ****     #endif /* CYDEV_PROJ_TYPE_LOADABLE */
 157:Generated_Source\PSoC4/Cm0Start.c **** 
 158:Generated_Source\PSoC4/Cm0Start.c ****     #if(CY_IP_SRSSLT)
 159:Generated_Source\PSoC4/Cm0Start.c ****         CySysWdtDisable();
 160:Generated_Source\PSoC4/Cm0Start.c ****     #endif  /* (CY_IP_SRSSLT) */
 161:Generated_Source\PSoC4/Cm0Start.c **** 
 162:Generated_Source\PSoC4/Cm0Start.c ****     #if (CYDEV_BOOTLOADER_ENABLE)
 163:Generated_Source\PSoC4/Cm0Start.c ****         CyBtldr_CheckLaunch();
 164:Generated_Source\PSoC4/Cm0Start.c ****     #endif /* CYDEV_BOOTLOADER_ENABLE */
 165:Generated_Source\PSoC4/Cm0Start.c **** 
 166:Generated_Source\PSoC4/Cm0Start.c ****     __main();
 167:Generated_Source\PSoC4/Cm0Start.c **** }
 168:Generated_Source\PSoC4/Cm0Start.c **** 
 169:Generated_Source\PSoC4/Cm0Start.c **** /*******************************************************************************
 170:Generated_Source\PSoC4/Cm0Start.c **** * Function Name: $Sub$$main
ARM GAS  C:\Users\jdrd3\AppData\Local\Temp\ccYNJYgz.s 			page 5


 171:Generated_Source\PSoC4/Cm0Start.c **** ********************************************************************************
 172:Generated_Source\PSoC4/Cm0Start.c **** *
 173:Generated_Source\PSoC4/Cm0Start.c **** * Summary:
 174:Generated_Source\PSoC4/Cm0Start.c **** *  This function is called immediately before the users main
 175:Generated_Source\PSoC4/Cm0Start.c **** *
 176:Generated_Source\PSoC4/Cm0Start.c **** * Parameters:
 177:Generated_Source\PSoC4/Cm0Start.c **** *  None
 178:Generated_Source\PSoC4/Cm0Start.c **** *
 179:Generated_Source\PSoC4/Cm0Start.c **** * Return:
 180:Generated_Source\PSoC4/Cm0Start.c **** *  None
 181:Generated_Source\PSoC4/Cm0Start.c **** *
 182:Generated_Source\PSoC4/Cm0Start.c **** *******************************************************************************/
 183:Generated_Source\PSoC4/Cm0Start.c **** __attribute__ ((noreturn))
 184:Generated_Source\PSoC4/Cm0Start.c **** void $Sub$$main(void)
 185:Generated_Source\PSoC4/Cm0Start.c **** {
 186:Generated_Source\PSoC4/Cm0Start.c ****     initialize_psoc();
 187:Generated_Source\PSoC4/Cm0Start.c **** 
 188:Generated_Source\PSoC4/Cm0Start.c ****     /* Call original main */
 189:Generated_Source\PSoC4/Cm0Start.c ****     $Super$$main();
 190:Generated_Source\PSoC4/Cm0Start.c **** 
 191:Generated_Source\PSoC4/Cm0Start.c ****     while (1)
 192:Generated_Source\PSoC4/Cm0Start.c ****     {
 193:Generated_Source\PSoC4/Cm0Start.c ****         /* If main returns it is undefined what we should do. */
 194:Generated_Source\PSoC4/Cm0Start.c ****     }
 195:Generated_Source\PSoC4/Cm0Start.c **** }
 196:Generated_Source\PSoC4/Cm0Start.c **** 
 197:Generated_Source\PSoC4/Cm0Start.c **** #elif defined(__GNUC__)
 198:Generated_Source\PSoC4/Cm0Start.c **** 
 199:Generated_Source\PSoC4/Cm0Start.c **** /* Stack Base address */
 200:Generated_Source\PSoC4/Cm0Start.c **** extern void __cy_stack(void);
 201:Generated_Source\PSoC4/Cm0Start.c **** 
 202:Generated_Source\PSoC4/Cm0Start.c **** /* Application entry point. */
 203:Generated_Source\PSoC4/Cm0Start.c **** extern int main(void);
 204:Generated_Source\PSoC4/Cm0Start.c **** 
 205:Generated_Source\PSoC4/Cm0Start.c **** /* The static objects constructors initializer */
 206:Generated_Source\PSoC4/Cm0Start.c **** extern void __libc_init_array(void);
 207:Generated_Source\PSoC4/Cm0Start.c **** 
 208:Generated_Source\PSoC4/Cm0Start.c **** typedef unsigned char __cy_byte_align8 __attribute ((aligned (8)));
 209:Generated_Source\PSoC4/Cm0Start.c **** 
 210:Generated_Source\PSoC4/Cm0Start.c **** struct __cy_region
 211:Generated_Source\PSoC4/Cm0Start.c **** {
 212:Generated_Source\PSoC4/Cm0Start.c ****     __cy_byte_align8 *init; /* Initial contents of this region.  */
 213:Generated_Source\PSoC4/Cm0Start.c ****     __cy_byte_align8 *data; /* Start address of region.  */
 214:Generated_Source\PSoC4/Cm0Start.c ****     size_t init_size;       /* Size of initial data.  */
 215:Generated_Source\PSoC4/Cm0Start.c ****     size_t zero_size;       /* Additional size to be zeroed.  */
 216:Generated_Source\PSoC4/Cm0Start.c **** };
 217:Generated_Source\PSoC4/Cm0Start.c **** 
 218:Generated_Source\PSoC4/Cm0Start.c **** extern const struct __cy_region __cy_regions[];
 219:Generated_Source\PSoC4/Cm0Start.c **** extern const char __cy_region_num __attribute__((weak));
 220:Generated_Source\PSoC4/Cm0Start.c **** #define __cy_region_num ((size_t)&__cy_region_num)
 221:Generated_Source\PSoC4/Cm0Start.c **** 
 222:Generated_Source\PSoC4/Cm0Start.c **** 
 223:Generated_Source\PSoC4/Cm0Start.c **** /*******************************************************************************
 224:Generated_Source\PSoC4/Cm0Start.c **** * System Calls of the Red Hat newlib C Library
 225:Generated_Source\PSoC4/Cm0Start.c **** *******************************************************************************/
 226:Generated_Source\PSoC4/Cm0Start.c **** 
 227:Generated_Source\PSoC4/Cm0Start.c **** 
ARM GAS  C:\Users\jdrd3\AppData\Local\Temp\ccYNJYgz.s 			page 6


 228:Generated_Source\PSoC4/Cm0Start.c **** /*******************************************************************************
 229:Generated_Source\PSoC4/Cm0Start.c **** * Function Name: _exit
 230:Generated_Source\PSoC4/Cm0Start.c **** ********************************************************************************
 231:Generated_Source\PSoC4/Cm0Start.c **** *
 232:Generated_Source\PSoC4/Cm0Start.c **** * Summary:
 233:Generated_Source\PSoC4/Cm0Start.c **** *  Exit a program without cleaning up files. If your system doesn't provide
 234:Generated_Source\PSoC4/Cm0Start.c **** *  this, it is best to avoid linking with subroutines that require it (exit,
 235:Generated_Source\PSoC4/Cm0Start.c **** *  system).
 236:Generated_Source\PSoC4/Cm0Start.c **** *
 237:Generated_Source\PSoC4/Cm0Start.c **** * Parameters:
 238:Generated_Source\PSoC4/Cm0Start.c **** *  status: Status caused program exit.
 239:Generated_Source\PSoC4/Cm0Start.c **** *
 240:Generated_Source\PSoC4/Cm0Start.c **** * Return:
 241:Generated_Source\PSoC4/Cm0Start.c **** *  None
 242:Generated_Source\PSoC4/Cm0Start.c **** *
 243:Generated_Source\PSoC4/Cm0Start.c **** *******************************************************************************/
 244:Generated_Source\PSoC4/Cm0Start.c **** __attribute__((weak))
 245:Generated_Source\PSoC4/Cm0Start.c **** void _exit(int status)
 246:Generated_Source\PSoC4/Cm0Start.c **** {
  59              		.loc 1 246 0
  60              		.cfi_startproc
  61              		@ args = 0, pretend = 0, frame = 16
  62              		@ frame_needed = 1, uses_anonymous_args = 0
  63 0000 80B5     		push	{r7, lr}
  64              		.cfi_def_cfa_offset 8
  65              		.cfi_offset 7, -8
  66              		.cfi_offset 14, -4
  67 0002 84B0     		sub	sp, sp, #16
  68              		.cfi_def_cfa_offset 24
  69 0004 00AF     		add	r7, sp, #0
  70              		.cfi_def_cfa_register 7
  71 0006 7860     		str	r0, [r7, #4]
 247:Generated_Source\PSoC4/Cm0Start.c ****     /* Cause divide by 0 exception */
 248:Generated_Source\PSoC4/Cm0Start.c ****     int x = status / (int) INT_MAX;
  72              		.loc 1 248 0
  73 0008 7B68     		ldr	r3, [r7, #4]
  74 000a 0649     		ldr	r1, .L5
  75 000c 1800     		movs	r0, r3
  76 000e FFF7FEFF 		bl	__aeabi_idiv
  77 0012 0300     		movs	r3, r0
  78 0014 FB60     		str	r3, [r7, #12]
 249:Generated_Source\PSoC4/Cm0Start.c ****     x = 4 / x;
  79              		.loc 1 249 0
  80 0016 F968     		ldr	r1, [r7, #12]
  81 0018 0420     		movs	r0, #4
  82 001a FFF7FEFF 		bl	__aeabi_idiv
  83 001e 0300     		movs	r3, r0
  84 0020 FB60     		str	r3, [r7, #12]
  85              	.L4:
 250:Generated_Source\PSoC4/Cm0Start.c **** 
 251:Generated_Source\PSoC4/Cm0Start.c ****     while(1)
 252:Generated_Source\PSoC4/Cm0Start.c ****     {
 253:Generated_Source\PSoC4/Cm0Start.c **** 
 254:Generated_Source\PSoC4/Cm0Start.c ****     }
  86              		.loc 1 254 0 discriminator 1
  87 0022 FEE7     		b	.L4
  88              	.L6:
ARM GAS  C:\Users\jdrd3\AppData\Local\Temp\ccYNJYgz.s 			page 7


  89              		.align	2
  90              	.L5:
  91 0024 FFFFFF7F 		.word	2147483647
  92              		.cfi_endproc
  93              	.LFE1:
  94              		.size	_exit, .-_exit
  95              		.section	.text._sbrk,"ax",%progbits
  96              		.align	2
  97              		.weak	_sbrk
  98              		.code	16
  99              		.thumb_func
 100              		.type	_sbrk, %function
 101              	_sbrk:
 102              	.LFB2:
 255:Generated_Source\PSoC4/Cm0Start.c **** }
 256:Generated_Source\PSoC4/Cm0Start.c **** 
 257:Generated_Source\PSoC4/Cm0Start.c **** 
 258:Generated_Source\PSoC4/Cm0Start.c **** /*******************************************************************************
 259:Generated_Source\PSoC4/Cm0Start.c **** * Function Name: _sbrk
 260:Generated_Source\PSoC4/Cm0Start.c **** ********************************************************************************
 261:Generated_Source\PSoC4/Cm0Start.c **** *
 262:Generated_Source\PSoC4/Cm0Start.c **** * Summary:
 263:Generated_Source\PSoC4/Cm0Start.c **** *  Increase program data space. As malloc and related functions depend on this,
 264:Generated_Source\PSoC4/Cm0Start.c **** *  it is useful to have a working implementation. The following suffices for a
 265:Generated_Source\PSoC4/Cm0Start.c **** *  standalone system; it exploits the symbol end automatically defined by the
 266:Generated_Source\PSoC4/Cm0Start.c **** *  GNU linker.
 267:Generated_Source\PSoC4/Cm0Start.c **** *
 268:Generated_Source\PSoC4/Cm0Start.c **** * Parameters:
 269:Generated_Source\PSoC4/Cm0Start.c **** *  nbytes: The number of bytes requested (if the parameter value is positive)
 270:Generated_Source\PSoC4/Cm0Start.c **** *  from the heap or returned back to the heap (if the parameter value is
 271:Generated_Source\PSoC4/Cm0Start.c **** *  negative).
 272:Generated_Source\PSoC4/Cm0Start.c **** *
 273:Generated_Source\PSoC4/Cm0Start.c **** * Return:
 274:Generated_Source\PSoC4/Cm0Start.c **** *  None
 275:Generated_Source\PSoC4/Cm0Start.c **** *
 276:Generated_Source\PSoC4/Cm0Start.c **** *******************************************************************************/
 277:Generated_Source\PSoC4/Cm0Start.c **** __attribute__((weak))
 278:Generated_Source\PSoC4/Cm0Start.c **** void * _sbrk (int nbytes)
 279:Generated_Source\PSoC4/Cm0Start.c **** {
 103              		.loc 1 279 0
 104              		.cfi_startproc
 105              		@ args = 0, pretend = 0, frame = 16
 106              		@ frame_needed = 1, uses_anonymous_args = 0
 107 0000 80B5     		push	{r7, lr}
 108              		.cfi_def_cfa_offset 8
 109              		.cfi_offset 7, -8
 110              		.cfi_offset 14, -4
 111 0002 84B0     		sub	sp, sp, #16
 112              		.cfi_def_cfa_offset 24
 113 0004 00AF     		add	r7, sp, #0
 114              		.cfi_def_cfa_register 7
 115 0006 7860     		str	r0, [r7, #4]
 280:Generated_Source\PSoC4/Cm0Start.c ****     extern int  end;            /* Symbol defined by linker map. Start of free memory (as symbol). 
 281:Generated_Source\PSoC4/Cm0Start.c ****     void *      returnValue;
 282:Generated_Source\PSoC4/Cm0Start.c **** 
 283:Generated_Source\PSoC4/Cm0Start.c ****     /* The statically held previous end of the heap, with its initialization. */
 284:Generated_Source\PSoC4/Cm0Start.c ****     static void *heapPointer = (void *) &end;                 /* Previous end */
ARM GAS  C:\Users\jdrd3\AppData\Local\Temp\ccYNJYgz.s 			page 8


 285:Generated_Source\PSoC4/Cm0Start.c **** 
 286:Generated_Source\PSoC4/Cm0Start.c ****     if (((heapPointer + nbytes) - (void *) &end) <= CYDEV_HEAP_SIZE)
 116              		.loc 1 286 0
 117 0008 0F4B     		ldr	r3, .L11
 118 000a 1A68     		ldr	r2, [r3]
 119 000c 7B68     		ldr	r3, [r7, #4]
 120 000e D318     		adds	r3, r2, r3
 121 0010 1A00     		movs	r2, r3
 122 0012 0E4B     		ldr	r3, .L11+4
 123 0014 D31A     		subs	r3, r2, r3
 124 0016 802B     		cmp	r3, #128
 125 0018 09DC     		bgt	.L8
 287:Generated_Source\PSoC4/Cm0Start.c ****     {
 288:Generated_Source\PSoC4/Cm0Start.c ****         returnValue  = heapPointer;
 126              		.loc 1 288 0
 127 001a 0B4B     		ldr	r3, .L11
 128 001c 1B68     		ldr	r3, [r3]
 129 001e FB60     		str	r3, [r7, #12]
 289:Generated_Source\PSoC4/Cm0Start.c ****         heapPointer += nbytes;
 130              		.loc 1 289 0
 131 0020 094B     		ldr	r3, .L11
 132 0022 1A68     		ldr	r2, [r3]
 133 0024 7B68     		ldr	r3, [r7, #4]
 134 0026 D218     		adds	r2, r2, r3
 135 0028 074B     		ldr	r3, .L11
 136 002a 1A60     		str	r2, [r3]
 137 002c 07E0     		b	.L9
 138              	.L8:
 290:Generated_Source\PSoC4/Cm0Start.c ****     }
 291:Generated_Source\PSoC4/Cm0Start.c ****     else
 292:Generated_Source\PSoC4/Cm0Start.c ****     {
 293:Generated_Source\PSoC4/Cm0Start.c ****         errno = ENOMEM;
 139              		.loc 1 293 0
 140 002e FFF7FEFF 		bl	__errno
 141 0032 0300     		movs	r3, r0
 142 0034 0C22     		movs	r2, #12
 143 0036 1A60     		str	r2, [r3]
 294:Generated_Source\PSoC4/Cm0Start.c ****         returnValue = (void *) -1;
 144              		.loc 1 294 0
 145 0038 0123     		movs	r3, #1
 146 003a 5B42     		rsbs	r3, r3, #0
 147 003c FB60     		str	r3, [r7, #12]
 148              	.L9:
 295:Generated_Source\PSoC4/Cm0Start.c ****     }
 296:Generated_Source\PSoC4/Cm0Start.c **** 
 297:Generated_Source\PSoC4/Cm0Start.c ****     return (returnValue);
 149              		.loc 1 297 0
 150 003e FB68     		ldr	r3, [r7, #12]
 298:Generated_Source\PSoC4/Cm0Start.c **** }
 151              		.loc 1 298 0
 152 0040 1800     		movs	r0, r3
 153 0042 BD46     		mov	sp, r7
 154 0044 04B0     		add	sp, sp, #16
 155              		@ sp needed
 156 0046 80BD     		pop	{r7, pc}
 157              	.L12:
 158              		.align	2
ARM GAS  C:\Users\jdrd3\AppData\Local\Temp\ccYNJYgz.s 			page 9


 159              	.L11:
 160 0048 00000000 		.word	heapPointer.4808
 161 004c 00000000 		.word	end
 162              		.cfi_endproc
 163              	.LFE2:
 164              		.size	_sbrk, .-_sbrk
 165              		.section	.text.Start_c,"ax",%progbits
 166              		.align	2
 167              		.global	Start_c
 168              		.code	16
 169              		.thumb_func
 170              		.type	Start_c, %function
 171              	Start_c:
 172              	.LFB3:
 299:Generated_Source\PSoC4/Cm0Start.c **** 
 300:Generated_Source\PSoC4/Cm0Start.c **** 
 301:Generated_Source\PSoC4/Cm0Start.c **** /*******************************************************************************
 302:Generated_Source\PSoC4/Cm0Start.c **** * Function Name: Start_c
 303:Generated_Source\PSoC4/Cm0Start.c **** ********************************************************************************
 304:Generated_Source\PSoC4/Cm0Start.c **** *
 305:Generated_Source\PSoC4/Cm0Start.c **** * Summary:
 306:Generated_Source\PSoC4/Cm0Start.c **** *  This function handles initializing the .data and .bss sections in
 307:Generated_Source\PSoC4/Cm0Start.c **** *  preparation for running the standard c code.  Once initialization is complete
 308:Generated_Source\PSoC4/Cm0Start.c **** *  it will call main().  This function will never return.
 309:Generated_Source\PSoC4/Cm0Start.c **** *
 310:Generated_Source\PSoC4/Cm0Start.c **** * Parameters:
 311:Generated_Source\PSoC4/Cm0Start.c **** *  None
 312:Generated_Source\PSoC4/Cm0Start.c **** *
 313:Generated_Source\PSoC4/Cm0Start.c **** * Return:
 314:Generated_Source\PSoC4/Cm0Start.c **** *  None
 315:Generated_Source\PSoC4/Cm0Start.c **** *
 316:Generated_Source\PSoC4/Cm0Start.c **** *******************************************************************************/
 317:Generated_Source\PSoC4/Cm0Start.c **** void Start_c(void)  __attribute__ ((noreturn));
 318:Generated_Source\PSoC4/Cm0Start.c **** void Start_c(void)
 319:Generated_Source\PSoC4/Cm0Start.c **** {
 173              		.loc 1 319 0
 174              		.cfi_startproc
 175              		@ args = 0, pretend = 0, frame = 24
 176              		@ frame_needed = 1, uses_anonymous_args = 0
 177 0000 80B5     		push	{r7, lr}
 178              		.cfi_def_cfa_offset 8
 179              		.cfi_offset 7, -8
 180              		.cfi_offset 14, -4
 181 0002 86B0     		sub	sp, sp, #24
 182              		.cfi_def_cfa_offset 32
 183 0004 00AF     		add	r7, sp, #0
 184              		.cfi_def_cfa_register 7
 320:Generated_Source\PSoC4/Cm0Start.c ****     unsigned regions = __cy_region_num;
 185              		.loc 1 320 0
 186 0006 224B     		ldr	r3, .L21
 187 0008 7B61     		str	r3, [r7, #20]
 321:Generated_Source\PSoC4/Cm0Start.c ****     const struct __cy_region *rptr = __cy_regions;
 188              		.loc 1 321 0
 189 000a 224B     		ldr	r3, .L21+4
 190 000c 3B61     		str	r3, [r7, #16]
 322:Generated_Source\PSoC4/Cm0Start.c **** 
 323:Generated_Source\PSoC4/Cm0Start.c ****     /* Initialize memory */
ARM GAS  C:\Users\jdrd3\AppData\Local\Temp\ccYNJYgz.s 			page 10


 324:Generated_Source\PSoC4/Cm0Start.c ****     for (regions = __cy_region_num; regions != 0u; regions--)
 191              		.loc 1 324 0
 192 000e 204B     		ldr	r3, .L21
 193 0010 7B61     		str	r3, [r7, #20]
 194 0012 35E0     		b	.L14
 195              	.L19:
 196              	.LBB2:
 325:Generated_Source\PSoC4/Cm0Start.c ****     {
 326:Generated_Source\PSoC4/Cm0Start.c ****         uint32 *src = (uint32 *)rptr->init;
 197              		.loc 1 326 0
 198 0014 3B69     		ldr	r3, [r7, #16]
 199 0016 1B68     		ldr	r3, [r3]
 200 0018 FB60     		str	r3, [r7, #12]
 327:Generated_Source\PSoC4/Cm0Start.c ****         uint32 *dst = (uint32 *)rptr->data;
 201              		.loc 1 327 0
 202 001a 3B69     		ldr	r3, [r7, #16]
 203 001c 5B68     		ldr	r3, [r3, #4]
 204 001e BB60     		str	r3, [r7, #8]
 328:Generated_Source\PSoC4/Cm0Start.c ****         unsigned limit = rptr->init_size;
 205              		.loc 1 328 0
 206 0020 3B69     		ldr	r3, [r7, #16]
 207 0022 9B68     		ldr	r3, [r3, #8]
 208 0024 3B60     		str	r3, [r7]
 329:Generated_Source\PSoC4/Cm0Start.c ****         unsigned count;
 330:Generated_Source\PSoC4/Cm0Start.c **** 
 331:Generated_Source\PSoC4/Cm0Start.c ****         for (count = 0u; count != limit; count += sizeof (uint32))
 209              		.loc 1 331 0
 210 0026 0023     		movs	r3, #0
 211 0028 7B60     		str	r3, [r7, #4]
 212 002a 0CE0     		b	.L15
 213              	.L16:
 332:Generated_Source\PSoC4/Cm0Start.c ****         {
 333:Generated_Source\PSoC4/Cm0Start.c ****             *dst = *src;
 214              		.loc 1 333 0 discriminator 3
 215 002c FB68     		ldr	r3, [r7, #12]
 216 002e 1A68     		ldr	r2, [r3]
 217 0030 BB68     		ldr	r3, [r7, #8]
 218 0032 1A60     		str	r2, [r3]
 334:Generated_Source\PSoC4/Cm0Start.c ****             dst++;
 219              		.loc 1 334 0 discriminator 3
 220 0034 BB68     		ldr	r3, [r7, #8]
 221 0036 0433     		adds	r3, r3, #4
 222 0038 BB60     		str	r3, [r7, #8]
 335:Generated_Source\PSoC4/Cm0Start.c ****             src++;
 223              		.loc 1 335 0 discriminator 3
 224 003a FB68     		ldr	r3, [r7, #12]
 225 003c 0433     		adds	r3, r3, #4
 226 003e FB60     		str	r3, [r7, #12]
 331:Generated_Source\PSoC4/Cm0Start.c ****         {
 227              		.loc 1 331 0 discriminator 3
 228 0040 7B68     		ldr	r3, [r7, #4]
 229 0042 0433     		adds	r3, r3, #4
 230 0044 7B60     		str	r3, [r7, #4]
 231              	.L15:
 331:Generated_Source\PSoC4/Cm0Start.c ****         {
 232              		.loc 1 331 0 is_stmt 0 discriminator 1
 233 0046 7A68     		ldr	r2, [r7, #4]
ARM GAS  C:\Users\jdrd3\AppData\Local\Temp\ccYNJYgz.s 			page 11


 234 0048 3B68     		ldr	r3, [r7]
 235 004a 9A42     		cmp	r2, r3
 236 004c EED1     		bne	.L16
 336:Generated_Source\PSoC4/Cm0Start.c ****         }
 337:Generated_Source\PSoC4/Cm0Start.c ****         limit = rptr->zero_size;
 237              		.loc 1 337 0 is_stmt 1
 238 004e 3B69     		ldr	r3, [r7, #16]
 239 0050 DB68     		ldr	r3, [r3, #12]
 240 0052 3B60     		str	r3, [r7]
 338:Generated_Source\PSoC4/Cm0Start.c ****         for (count = 0u; count != limit; count += sizeof (uint32))
 241              		.loc 1 338 0
 242 0054 0023     		movs	r3, #0
 243 0056 7B60     		str	r3, [r7, #4]
 244 0058 08E0     		b	.L17
 245              	.L18:
 339:Generated_Source\PSoC4/Cm0Start.c ****         {
 340:Generated_Source\PSoC4/Cm0Start.c ****             *dst = 0u;
 246              		.loc 1 340 0 discriminator 3
 247 005a BB68     		ldr	r3, [r7, #8]
 248 005c 0022     		movs	r2, #0
 249 005e 1A60     		str	r2, [r3]
 341:Generated_Source\PSoC4/Cm0Start.c ****             dst++;
 250              		.loc 1 341 0 discriminator 3
 251 0060 BB68     		ldr	r3, [r7, #8]
 252 0062 0433     		adds	r3, r3, #4
 253 0064 BB60     		str	r3, [r7, #8]
 338:Generated_Source\PSoC4/Cm0Start.c ****         for (count = 0u; count != limit; count += sizeof (uint32))
 254              		.loc 1 338 0 discriminator 3
 255 0066 7B68     		ldr	r3, [r7, #4]
 256 0068 0433     		adds	r3, r3, #4
 257 006a 7B60     		str	r3, [r7, #4]
 258              	.L17:
 338:Generated_Source\PSoC4/Cm0Start.c ****         for (count = 0u; count != limit; count += sizeof (uint32))
 259              		.loc 1 338 0 is_stmt 0 discriminator 1
 260 006c 7A68     		ldr	r2, [r7, #4]
 261 006e 3B68     		ldr	r3, [r7]
 262 0070 9A42     		cmp	r2, r3
 263 0072 F2D1     		bne	.L18
 342:Generated_Source\PSoC4/Cm0Start.c ****         }
 343:Generated_Source\PSoC4/Cm0Start.c **** 
 344:Generated_Source\PSoC4/Cm0Start.c ****         rptr++;
 264              		.loc 1 344 0 is_stmt 1 discriminator 2
 265 0074 3B69     		ldr	r3, [r7, #16]
 266 0076 1033     		adds	r3, r3, #16
 267 0078 3B61     		str	r3, [r7, #16]
 268              	.LBE2:
 324:Generated_Source\PSoC4/Cm0Start.c ****     {
 269              		.loc 1 324 0 discriminator 2
 270 007a 7B69     		ldr	r3, [r7, #20]
 271 007c 013B     		subs	r3, r3, #1
 272 007e 7B61     		str	r3, [r7, #20]
 273              	.L14:
 324:Generated_Source\PSoC4/Cm0Start.c ****     {
 274              		.loc 1 324 0 is_stmt 0 discriminator 1
 275 0080 7B69     		ldr	r3, [r7, #20]
 276 0082 002B     		cmp	r3, #0
 277 0084 C6D1     		bne	.L19
ARM GAS  C:\Users\jdrd3\AppData\Local\Temp\ccYNJYgz.s 			page 12


 345:Generated_Source\PSoC4/Cm0Start.c ****     }
 346:Generated_Source\PSoC4/Cm0Start.c **** 
 347:Generated_Source\PSoC4/Cm0Start.c ****     /* Invoke static objects constructors */
 348:Generated_Source\PSoC4/Cm0Start.c ****     __libc_init_array();
 278              		.loc 1 348 0 is_stmt 1
 279 0086 FFF7FEFF 		bl	__libc_init_array
 349:Generated_Source\PSoC4/Cm0Start.c ****     (void) main();
 280              		.loc 1 349 0
 281 008a FFF7FEFF 		bl	main
 282              	.L20:
 350:Generated_Source\PSoC4/Cm0Start.c **** 
 351:Generated_Source\PSoC4/Cm0Start.c ****     while (1)
 352:Generated_Source\PSoC4/Cm0Start.c ****     {
 353:Generated_Source\PSoC4/Cm0Start.c ****         /* If main returns, make sure we don't return. */
 354:Generated_Source\PSoC4/Cm0Start.c ****     }
 283              		.loc 1 354 0 discriminator 1
 284 008e FEE7     		b	.L20
 285              	.L22:
 286              		.align	2
 287              	.L21:
 288 0090 00000000 		.word	__cy_region_num
 289 0094 00000000 		.word	__cy_regions
 290              		.cfi_endproc
 291              	.LFE3:
 292              		.size	Start_c, .-Start_c
 293              		.section	.text.Reset,"ax",%progbits
 294              		.align	2
 295              		.global	Reset
 296              		.code	16
 297              		.thumb_func
 298              		.type	Reset, %function
 299              	Reset:
 300              	.LFB4:
 355:Generated_Source\PSoC4/Cm0Start.c **** }
 356:Generated_Source\PSoC4/Cm0Start.c **** 
 357:Generated_Source\PSoC4/Cm0Start.c **** 
 358:Generated_Source\PSoC4/Cm0Start.c **** /*******************************************************************************
 359:Generated_Source\PSoC4/Cm0Start.c **** * Function Name: Reset
 360:Generated_Source\PSoC4/Cm0Start.c **** ********************************************************************************
 361:Generated_Source\PSoC4/Cm0Start.c **** *
 362:Generated_Source\PSoC4/Cm0Start.c **** * Summary:
 363:Generated_Source\PSoC4/Cm0Start.c **** *  This function handles the reset interrupt for the GCC toolchain.  This is
 364:Generated_Source\PSoC4/Cm0Start.c **** *  the first bit of code that is executed at startup.
 365:Generated_Source\PSoC4/Cm0Start.c **** *
 366:Generated_Source\PSoC4/Cm0Start.c **** * Parameters:
 367:Generated_Source\PSoC4/Cm0Start.c **** *  None
 368:Generated_Source\PSoC4/Cm0Start.c **** *
 369:Generated_Source\PSoC4/Cm0Start.c **** * Return:
 370:Generated_Source\PSoC4/Cm0Start.c **** *  None
 371:Generated_Source\PSoC4/Cm0Start.c **** *
 372:Generated_Source\PSoC4/Cm0Start.c **** *******************************************************************************/
 373:Generated_Source\PSoC4/Cm0Start.c **** void Reset(void)
 374:Generated_Source\PSoC4/Cm0Start.c **** {
 301              		.loc 1 374 0
 302              		.cfi_startproc
 303              		@ args = 0, pretend = 0, frame = 0
 304              		@ frame_needed = 1, uses_anonymous_args = 0
ARM GAS  C:\Users\jdrd3\AppData\Local\Temp\ccYNJYgz.s 			page 13


 305 0000 80B5     		push	{r7, lr}
 306              		.cfi_def_cfa_offset 8
 307              		.cfi_offset 7, -8
 308              		.cfi_offset 14, -4
 309 0002 00AF     		add	r7, sp, #0
 310              		.cfi_def_cfa_register 7
 375:Generated_Source\PSoC4/Cm0Start.c ****     #if (CYDEV_PROJ_TYPE == CYDEV_PROJ_TYPE_LOADABLE)
 376:Generated_Source\PSoC4/Cm0Start.c ****         /* The bootloadable application image is started at Reset() handler
 377:Generated_Source\PSoC4/Cm0Start.c ****         * as a result of a branch instruction execution from the bootloader.
 378:Generated_Source\PSoC4/Cm0Start.c ****         * So, the stack pointer needs to be reset to be sure that
 379:Generated_Source\PSoC4/Cm0Start.c ****         * there is no garbage in the stack.
 380:Generated_Source\PSoC4/Cm0Start.c ****         */
 381:Generated_Source\PSoC4/Cm0Start.c ****         __asm volatile ("MSR msp, %0\n" : : "r" ((uint32)&__cy_stack) : "sp");
 382:Generated_Source\PSoC4/Cm0Start.c ****     #endif /* CYDEV_PROJ_TYPE_LOADABLE */
 383:Generated_Source\PSoC4/Cm0Start.c **** 
 384:Generated_Source\PSoC4/Cm0Start.c ****     #if(CY_IP_SRSSLT)
 385:Generated_Source\PSoC4/Cm0Start.c ****         CySysWdtDisable();
 386:Generated_Source\PSoC4/Cm0Start.c ****     #endif  /* (CY_IP_SRSSLT) */
 387:Generated_Source\PSoC4/Cm0Start.c **** 
 388:Generated_Source\PSoC4/Cm0Start.c ****     #if (CYDEV_BOOTLOADER_ENABLE)
 389:Generated_Source\PSoC4/Cm0Start.c ****         CyBtldr_CheckLaunch();
 390:Generated_Source\PSoC4/Cm0Start.c ****     #endif /* CYDEV_BOOTLOADER_ENABLE */
 391:Generated_Source\PSoC4/Cm0Start.c ****     Start_c();
 311              		.loc 1 391 0
 312 0004 FFF7FEFF 		bl	Start_c
 313              		.cfi_endproc
 314              	.LFE4:
 315              		.size	Reset, .-Reset
 316              		.global	CyRamVectors
 317              		.section	.ramvectors,"aw",%progbits
 318              		.align	2
 319              		.type	CyRamVectors, %object
 320              		.size	CyRamVectors, 192
 321              	CyRamVectors:
 322 0000 00000000 		.space	192
 322      00000000 
 322      00000000 
 322      00000000 
 322      00000000 
 323              		.global	RomVectors
 324              		.section	.romvectors,"a",%progbits
 325              		.align	2
 326              		.type	RomVectors, %object
 327              		.size	RomVectors, 16
 328              	RomVectors:
 329 0000 00000000 		.word	__cy_stack
 330 0004 00000000 		.word	Reset
 331 0008 00000000 		.word	IntDefaultHandler
 332 000c 00000000 		.word	IntDefaultHandler
 333              		.section	.text.initialize_psoc,"ax",%progbits
 334              		.align	2
 335              		.global	initialize_psoc
 336              		.code	16
 337              		.thumb_func
 338              		.type	initialize_psoc, %function
 339              	initialize_psoc:
 340              	.LFB5:
ARM GAS  C:\Users\jdrd3\AppData\Local\Temp\ccYNJYgz.s 			page 14


 392:Generated_Source\PSoC4/Cm0Start.c **** }
 393:Generated_Source\PSoC4/Cm0Start.c **** 
 394:Generated_Source\PSoC4/Cm0Start.c **** #elif defined (__ICCARM__)
 395:Generated_Source\PSoC4/Cm0Start.c **** 
 396:Generated_Source\PSoC4/Cm0Start.c **** 
 397:Generated_Source\PSoC4/Cm0Start.c **** /*******************************************************************************
 398:Generated_Source\PSoC4/Cm0Start.c **** * Function Name: __low_level_init
 399:Generated_Source\PSoC4/Cm0Start.c **** ********************************************************************************
 400:Generated_Source\PSoC4/Cm0Start.c **** *
 401:Generated_Source\PSoC4/Cm0Start.c **** * Summary:
 402:Generated_Source\PSoC4/Cm0Start.c **** *  This function performs early initializations for the IAR Embedded
 403:Generated_Source\PSoC4/Cm0Start.c **** *  Workbench IDE. It is executed in the context of reset interrupt handler
 404:Generated_Source\PSoC4/Cm0Start.c **** *  before the data sections are initialized.
 405:Generated_Source\PSoC4/Cm0Start.c **** *
 406:Generated_Source\PSoC4/Cm0Start.c **** * Parameters:
 407:Generated_Source\PSoC4/Cm0Start.c **** *  None
 408:Generated_Source\PSoC4/Cm0Start.c **** *
 409:Generated_Source\PSoC4/Cm0Start.c **** * Return:
 410:Generated_Source\PSoC4/Cm0Start.c **** *  The value that determines whether or not data sections should be initialized
 411:Generated_Source\PSoC4/Cm0Start.c **** *  by the system startup code:
 412:Generated_Source\PSoC4/Cm0Start.c **** *    0 - skip data sections initialization;
 413:Generated_Source\PSoC4/Cm0Start.c **** *    1 - initialize data sections;
 414:Generated_Source\PSoC4/Cm0Start.c **** *
 415:Generated_Source\PSoC4/Cm0Start.c **** *******************************************************************************/
 416:Generated_Source\PSoC4/Cm0Start.c **** int __low_level_init(void)
 417:Generated_Source\PSoC4/Cm0Start.c **** {
 418:Generated_Source\PSoC4/Cm0Start.c ****     #if(CY_IP_SRSSLT)
 419:Generated_Source\PSoC4/Cm0Start.c ****         CySysWdtDisable();
 420:Generated_Source\PSoC4/Cm0Start.c ****     #endif  /* (CY_IP_SRSSLT) */
 421:Generated_Source\PSoC4/Cm0Start.c **** 
 422:Generated_Source\PSoC4/Cm0Start.c **** #if (CYDEV_BOOTLOADER_ENABLE)
 423:Generated_Source\PSoC4/Cm0Start.c ****     CyBtldr_CheckLaunch();
 424:Generated_Source\PSoC4/Cm0Start.c **** #endif /* CYDEV_BOOTLOADER_ENABLE */
 425:Generated_Source\PSoC4/Cm0Start.c **** 
 426:Generated_Source\PSoC4/Cm0Start.c ****     /* Initialize data sections */
 427:Generated_Source\PSoC4/Cm0Start.c ****     __iar_data_init3();
 428:Generated_Source\PSoC4/Cm0Start.c **** 
 429:Generated_Source\PSoC4/Cm0Start.c ****     initialize_psoc();
 430:Generated_Source\PSoC4/Cm0Start.c **** 
 431:Generated_Source\PSoC4/Cm0Start.c ****     return 0;
 432:Generated_Source\PSoC4/Cm0Start.c **** }
 433:Generated_Source\PSoC4/Cm0Start.c **** 
 434:Generated_Source\PSoC4/Cm0Start.c **** #endif /* __GNUC__ */
 435:Generated_Source\PSoC4/Cm0Start.c **** 
 436:Generated_Source\PSoC4/Cm0Start.c **** 
 437:Generated_Source\PSoC4/Cm0Start.c **** /*******************************************************************************
 438:Generated_Source\PSoC4/Cm0Start.c **** * Ram Interrupt Vector table storage area. Must be placed at 0x20000000.
 439:Generated_Source\PSoC4/Cm0Start.c **** *******************************************************************************/
 440:Generated_Source\PSoC4/Cm0Start.c **** 
 441:Generated_Source\PSoC4/Cm0Start.c **** #if defined (__ICCARM__)
 442:Generated_Source\PSoC4/Cm0Start.c ****     #pragma location=".ramvectors"
 443:Generated_Source\PSoC4/Cm0Start.c **** #else
 444:Generated_Source\PSoC4/Cm0Start.c ****     CY_SECTION(".ramvectors")
 445:Generated_Source\PSoC4/Cm0Start.c **** #endif  /* defined (__ICCARM__) */
 446:Generated_Source\PSoC4/Cm0Start.c **** cyisraddress CyRamVectors[CY_NUM_VECTORS];
 447:Generated_Source\PSoC4/Cm0Start.c **** 
 448:Generated_Source\PSoC4/Cm0Start.c **** 
ARM GAS  C:\Users\jdrd3\AppData\Local\Temp\ccYNJYgz.s 			page 15


 449:Generated_Source\PSoC4/Cm0Start.c **** /*******************************************************************************
 450:Generated_Source\PSoC4/Cm0Start.c **** * Rom Interrupt Vector table storage area. Must be 256-byte aligned.
 451:Generated_Source\PSoC4/Cm0Start.c **** *******************************************************************************/
 452:Generated_Source\PSoC4/Cm0Start.c **** 
 453:Generated_Source\PSoC4/Cm0Start.c **** #if defined(__ARMCC_VERSION)
 454:Generated_Source\PSoC4/Cm0Start.c ****     /* Suppress diagnostic message 1296-D: extended constant initialiser used */
 455:Generated_Source\PSoC4/Cm0Start.c ****     #pragma diag_suppress 1296
 456:Generated_Source\PSoC4/Cm0Start.c **** #endif  /* defined(__ARMCC_VERSION) */
 457:Generated_Source\PSoC4/Cm0Start.c **** 
 458:Generated_Source\PSoC4/Cm0Start.c **** #if defined (__ICCARM__)
 459:Generated_Source\PSoC4/Cm0Start.c ****     #pragma location=".romvectors"
 460:Generated_Source\PSoC4/Cm0Start.c ****     const intvec_elem __vector_table[CY_NUM_ROM_VECTORS] =
 461:Generated_Source\PSoC4/Cm0Start.c **** #else
 462:Generated_Source\PSoC4/Cm0Start.c ****     CY_SECTION(".romvectors")
 463:Generated_Source\PSoC4/Cm0Start.c ****     const cyisraddress RomVectors[CY_NUM_ROM_VECTORS] =
 464:Generated_Source\PSoC4/Cm0Start.c **** #endif  /* defined (__ICCARM__) */
 465:Generated_Source\PSoC4/Cm0Start.c **** {
 466:Generated_Source\PSoC4/Cm0Start.c ****     INITIAL_STACK_POINTER,   /* The initial stack pointer  0 */
 467:Generated_Source\PSoC4/Cm0Start.c ****     #if defined (__ICCARM__) /* The reset handler          1 */
 468:Generated_Source\PSoC4/Cm0Start.c ****         __iar_program_start,
 469:Generated_Source\PSoC4/Cm0Start.c ****     #else
 470:Generated_Source\PSoC4/Cm0Start.c ****         (cyisraddress)&Reset,
 471:Generated_Source\PSoC4/Cm0Start.c ****     #endif  /* defined (__ICCARM__) */
 472:Generated_Source\PSoC4/Cm0Start.c ****     &IntDefaultHandler,      /* The NMI handler            2 */
 473:Generated_Source\PSoC4/Cm0Start.c ****     &IntDefaultHandler,      /* The hard fault handler     3 */
 474:Generated_Source\PSoC4/Cm0Start.c **** };
 475:Generated_Source\PSoC4/Cm0Start.c **** 
 476:Generated_Source\PSoC4/Cm0Start.c **** #if defined(__ARMCC_VERSION)
 477:Generated_Source\PSoC4/Cm0Start.c ****     #pragma diag_default 1296
 478:Generated_Source\PSoC4/Cm0Start.c **** #endif  /* defined(__ARMCC_VERSION) */
 479:Generated_Source\PSoC4/Cm0Start.c **** 
 480:Generated_Source\PSoC4/Cm0Start.c **** 
 481:Generated_Source\PSoC4/Cm0Start.c **** /*******************************************************************************
 482:Generated_Source\PSoC4/Cm0Start.c **** * Function Name: initialize_psoc
 483:Generated_Source\PSoC4/Cm0Start.c **** ********************************************************************************
 484:Generated_Source\PSoC4/Cm0Start.c **** *
 485:Generated_Source\PSoC4/Cm0Start.c **** * Summary:
 486:Generated_Source\PSoC4/Cm0Start.c **** *  This function is used to initialize the PSoC chip before calling main.
 487:Generated_Source\PSoC4/Cm0Start.c **** *
 488:Generated_Source\PSoC4/Cm0Start.c **** * Parameters:
 489:Generated_Source\PSoC4/Cm0Start.c **** *  None
 490:Generated_Source\PSoC4/Cm0Start.c **** *
 491:Generated_Source\PSoC4/Cm0Start.c **** * Return:
 492:Generated_Source\PSoC4/Cm0Start.c **** *  None
 493:Generated_Source\PSoC4/Cm0Start.c **** *
 494:Generated_Source\PSoC4/Cm0Start.c **** *******************************************************************************/
 495:Generated_Source\PSoC4/Cm0Start.c **** #if(defined(__GNUC__) && !defined(__ARMCC_VERSION))
 496:Generated_Source\PSoC4/Cm0Start.c **** __attribute__ ((constructor(101)))
 497:Generated_Source\PSoC4/Cm0Start.c **** #endif  /* (defined(__GNUC__) && !defined(__ARMCC_VERSION)) */
 498:Generated_Source\PSoC4/Cm0Start.c **** void initialize_psoc(void)
 499:Generated_Source\PSoC4/Cm0Start.c **** {
 341              		.loc 1 499 0
 342              		.cfi_startproc
 343              		@ args = 0, pretend = 0, frame = 8
 344              		@ frame_needed = 1, uses_anonymous_args = 0
 345 0000 80B5     		push	{r7, lr}
 346              		.cfi_def_cfa_offset 8
ARM GAS  C:\Users\jdrd3\AppData\Local\Temp\ccYNJYgz.s 			page 16


 347              		.cfi_offset 7, -8
 348              		.cfi_offset 14, -4
 349 0002 82B0     		sub	sp, sp, #8
 350              		.cfi_def_cfa_offset 16
 351 0004 00AF     		add	r7, sp, #0
 352              		.cfi_def_cfa_register 7
 500:Generated_Source\PSoC4/Cm0Start.c ****     uint32 indexInit;
 501:Generated_Source\PSoC4/Cm0Start.c **** 
 502:Generated_Source\PSoC4/Cm0Start.c ****     #if(CY_IP_CPUSSV2)
 503:Generated_Source\PSoC4/Cm0Start.c ****         /***********************************************************************
 504:Generated_Source\PSoC4/Cm0Start.c ****         * Make sure that Vector Table is located at 0000_0000 in Flash, before
 505:Generated_Source\PSoC4/Cm0Start.c ****         * accessing RomVectors or calling functions that may be placed in
 506:Generated_Source\PSoC4/Cm0Start.c ****         * .psocinit (cyfitter_cfg and ClockSetup). Note The CY_CPUSS_CONFIG_REG
 507:Generated_Source\PSoC4/Cm0Start.c ****         * register is retention for the specified device family.
 508:Generated_Source\PSoC4/Cm0Start.c ****         ***********************************************************************/
 509:Generated_Source\PSoC4/Cm0Start.c ****         CY_CPUSS_CONFIG_REG &= (uint32) ~CY_CPUSS_CONFIG_VECT_IN_RAM;
 510:Generated_Source\PSoC4/Cm0Start.c ****     #endif  /* (CY_IP_CPUSSV2) */
 511:Generated_Source\PSoC4/Cm0Start.c **** 
 512:Generated_Source\PSoC4/Cm0Start.c ****     /* Set Ram interrupt vectors to default functions. */
 513:Generated_Source\PSoC4/Cm0Start.c ****     for (indexInit = 0u; indexInit < CY_NUM_VECTORS; indexInit++)
 353              		.loc 1 513 0
 354 0006 0023     		movs	r3, #0
 355 0008 7B60     		str	r3, [r7, #4]
 356 000a 0FE0     		b	.L25
 357              	.L28:
 514:Generated_Source\PSoC4/Cm0Start.c ****     {
 515:Generated_Source\PSoC4/Cm0Start.c ****         CyRamVectors[indexInit] = (indexInit < CY_NUM_ROM_VECTORS) ?
 516:Generated_Source\PSoC4/Cm0Start.c ****             #if defined (__ICCARM__)
 517:Generated_Source\PSoC4/Cm0Start.c ****                 __vector_table[indexInit].__fun : &IntDefaultHandler;
 518:Generated_Source\PSoC4/Cm0Start.c ****             #else
 519:Generated_Source\PSoC4/Cm0Start.c ****                 RomVectors[indexInit] : &IntDefaultHandler;
 358              		.loc 1 519 0
 359 000c 7B68     		ldr	r3, [r7, #4]
 360 000e 032B     		cmp	r3, #3
 361 0010 04D8     		bhi	.L26
 362              		.loc 1 519 0 is_stmt 0 discriminator 1
 363 0012 104B     		ldr	r3, .L29
 364 0014 7A68     		ldr	r2, [r7, #4]
 365 0016 9200     		lsls	r2, r2, #2
 366 0018 D358     		ldr	r3, [r2, r3]
 367 001a 00E0     		b	.L27
 368              	.L26:
 369              		.loc 1 519 0 discriminator 2
 370 001c 0E4B     		ldr	r3, .L29+4
 371              	.L27:
 515:Generated_Source\PSoC4/Cm0Start.c ****             #if defined (__ICCARM__)
 372              		.loc 1 515 0 is_stmt 1 discriminator 2
 373 001e 0F4A     		ldr	r2, .L29+8
 374 0020 7968     		ldr	r1, [r7, #4]
 375 0022 8900     		lsls	r1, r1, #2
 376 0024 8B50     		str	r3, [r1, r2]
 513:Generated_Source\PSoC4/Cm0Start.c ****     {
 377              		.loc 1 513 0 discriminator 2
 378 0026 7B68     		ldr	r3, [r7, #4]
 379 0028 0133     		adds	r3, r3, #1
 380 002a 7B60     		str	r3, [r7, #4]
 381              	.L25:
ARM GAS  C:\Users\jdrd3\AppData\Local\Temp\ccYNJYgz.s 			page 17


 513:Generated_Source\PSoC4/Cm0Start.c ****     {
 382              		.loc 1 513 0 is_stmt 0 discriminator 1
 383 002c 7B68     		ldr	r3, [r7, #4]
 384 002e 2F2B     		cmp	r3, #47
 385 0030 ECD9     		bls	.L28
 520:Generated_Source\PSoC4/Cm0Start.c ****             #endif  /* defined (__ICCARM__) */
 521:Generated_Source\PSoC4/Cm0Start.c ****     }
 522:Generated_Source\PSoC4/Cm0Start.c **** 
 523:Generated_Source\PSoC4/Cm0Start.c ****     /* Initialize configuration registers. */
 524:Generated_Source\PSoC4/Cm0Start.c ****     cyfitter_cfg();
 386              		.loc 1 524 0 is_stmt 1
 387 0032 FFF7FEFF 		bl	cyfitter_cfg
 525:Generated_Source\PSoC4/Cm0Start.c **** 
 526:Generated_Source\PSoC4/Cm0Start.c ****     #if !defined (__ICCARM__)
 527:Generated_Source\PSoC4/Cm0Start.c ****         /* Actually, no need to clean this variable, just to make compiler happy. */
 528:Generated_Source\PSoC4/Cm0Start.c ****         cySysNoInitDataValid = 0u;
 388              		.loc 1 528 0
 389 0036 0A4B     		ldr	r3, .L29+12
 390 0038 0022     		movs	r2, #0
 391 003a 1A60     		str	r2, [r3]
 529:Generated_Source\PSoC4/Cm0Start.c ****     #endif  /* !defined (__ICCARM__) */
 530:Generated_Source\PSoC4/Cm0Start.c **** 
 531:Generated_Source\PSoC4/Cm0Start.c ****     #if (CYDEV_PROJ_TYPE != CYDEV_PROJ_TYPE_STANDARD)
 532:Generated_Source\PSoC4/Cm0Start.c **** 
 533:Generated_Source\PSoC4/Cm0Start.c ****         /* Need to make sure that this variable will not be optimized out */
 534:Generated_Source\PSoC4/Cm0Start.c ****         if (0u == cyBtldrRunType)
 535:Generated_Source\PSoC4/Cm0Start.c ****         {
 536:Generated_Source\PSoC4/Cm0Start.c ****             cyBtldrRunType = 0u;
 537:Generated_Source\PSoC4/Cm0Start.c ****         }
 538:Generated_Source\PSoC4/Cm0Start.c **** 
 539:Generated_Source\PSoC4/Cm0Start.c ****     #endif  /* (CYDEV_PROJ_TYPE != CYDEV_PROJ_TYPE_STANDARD) */
 540:Generated_Source\PSoC4/Cm0Start.c **** 
 541:Generated_Source\PSoC4/Cm0Start.c ****     /* Vector Table is located at 0x2000:0000 in SRAM */
 542:Generated_Source\PSoC4/Cm0Start.c ****     CY_CPUSS_CONFIG_REG |= CY_CPUSS_CONFIG_VECT_IN_RAM;
 392              		.loc 1 542 0
 393 003c 8023     		movs	r3, #128
 394 003e DB05     		lsls	r3, r3, #23
 395 0040 8022     		movs	r2, #128
 396 0042 D205     		lsls	r2, r2, #23
 397 0044 1268     		ldr	r2, [r2]
 398 0046 0121     		movs	r1, #1
 399 0048 0A43     		orrs	r2, r1
 400 004a 1A60     		str	r2, [r3]
 543:Generated_Source\PSoC4/Cm0Start.c **** }
 401              		.loc 1 543 0
 402 004c C046     		nop
 403 004e BD46     		mov	sp, r7
 404 0050 02B0     		add	sp, sp, #8
 405              		@ sp needed
 406 0052 80BD     		pop	{r7, pc}
 407              	.L30:
 408              		.align	2
 409              	.L29:
 410 0054 00000000 		.word	RomVectors
 411 0058 00000000 		.word	IntDefaultHandler
 412 005c 00000000 		.word	CyRamVectors
 413 0060 00000000 		.word	cySysNoInitDataValid
ARM GAS  C:\Users\jdrd3\AppData\Local\Temp\ccYNJYgz.s 			page 18


 414              		.cfi_endproc
 415              	.LFE5:
 416              		.size	initialize_psoc, .-initialize_psoc
 417              		.section	.init_array,"aw",%init_array
 418              		.align	2
 419 0000 00000000 		.word	initialize_psoc(target1)
 420              		.data
 421              		.align	2
 422              		.type	heapPointer.4808, %object
 423              		.size	heapPointer.4808, 4
 424              	heapPointer.4808:
 425 0000 00000000 		.word	end
 426              		.weak	__cy_region_num
 427              		.text
 428              	.Letext0:
 429              		.file 2 "c:\\program files (x86)\\cypress\\psoc creator\\4.2\\psoc creator\\import\\gnu\\arm\\5.4.
 430              		.file 3 "Generated_Source\\PSoC4\\cytypes.h"
 431              		.section	.debug_info,"",%progbits
 432              	.Ldebug_info0:
 433 0000 07030000 		.4byte	0x307
 434 0004 0400     		.2byte	0x4
 435 0006 00000000 		.4byte	.Ldebug_abbrev0
 436 000a 04       		.byte	0x4
 437 000b 01       		.uleb128 0x1
 438 000c CF000000 		.4byte	.LASF40
 439 0010 0C       		.byte	0xc
 440 0011 92010000 		.4byte	.LASF41
 441 0015 2E020000 		.4byte	.LASF42
 442 0019 00000000 		.4byte	.Ldebug_ranges0+0
 443 001d 00000000 		.4byte	0
 444 0021 00000000 		.4byte	.Ldebug_line0
 445 0025 02       		.uleb128 0x2
 446 0026 01       		.byte	0x1
 447 0027 06       		.byte	0x6
 448 0028 90020000 		.4byte	.LASF0
 449 002c 02       		.uleb128 0x2
 450 002d 01       		.byte	0x1
 451 002e 08       		.byte	0x8
 452 002f 6A000000 		.4byte	.LASF1
 453 0033 02       		.uleb128 0x2
 454 0034 02       		.byte	0x2
 455 0035 05       		.byte	0x5
 456 0036 71020000 		.4byte	.LASF2
 457 003a 02       		.uleb128 0x2
 458 003b 02       		.byte	0x2
 459 003c 07       		.byte	0x7
 460 003d B6000000 		.4byte	.LASF3
 461 0041 02       		.uleb128 0x2
 462 0042 04       		.byte	0x4
 463 0043 05       		.byte	0x5
 464 0044 7B020000 		.4byte	.LASF4
 465 0048 02       		.uleb128 0x2
 466 0049 04       		.byte	0x4
 467 004a 07       		.byte	0x7
 468 004b 8F000000 		.4byte	.LASF5
 469 004f 02       		.uleb128 0x2
 470 0050 08       		.byte	0x8
ARM GAS  C:\Users\jdrd3\AppData\Local\Temp\ccYNJYgz.s 			page 19


 471 0051 05       		.byte	0x5
 472 0052 20020000 		.4byte	.LASF6
 473 0056 02       		.uleb128 0x2
 474 0057 08       		.byte	0x8
 475 0058 07       		.byte	0x7
 476 0059 D2010000 		.4byte	.LASF7
 477 005d 03       		.uleb128 0x3
 478 005e 04       		.byte	0x4
 479 005f 05       		.byte	0x5
 480 0060 696E7400 		.ascii	"int\000"
 481 0064 02       		.uleb128 0x2
 482 0065 04       		.byte	0x4
 483 0066 07       		.byte	0x7
 484 0067 C5010000 		.4byte	.LASF8
 485 006b 04       		.uleb128 0x4
 486 006c 06000000 		.4byte	.LASF10
 487 0070 02       		.byte	0x2
 488 0071 D8       		.byte	0xd8
 489 0072 64000000 		.4byte	0x64
 490 0076 02       		.uleb128 0x2
 491 0077 08       		.byte	0x8
 492 0078 04       		.byte	0x4
 493 0079 84020000 		.4byte	.LASF9
 494 007d 04       		.uleb128 0x4
 495 007e B4010000 		.4byte	.LASF11
 496 0082 03       		.byte	0x3
 497 0083 A3       		.byte	0xa3
 498 0084 48000000 		.4byte	0x48
 499 0088 02       		.uleb128 0x2
 500 0089 04       		.byte	0x4
 501 008a 04       		.byte	0x4
 502 008b 5F000000 		.4byte	.LASF12
 503 008f 02       		.uleb128 0x2
 504 0090 08       		.byte	0x8
 505 0091 04       		.byte	0x4
 506 0092 7B010000 		.4byte	.LASF13
 507 0096 02       		.uleb128 0x2
 508 0097 01       		.byte	0x1
 509 0098 08       		.byte	0x8
 510 0099 6C020000 		.4byte	.LASF14
 511 009d 05       		.uleb128 0x5
 512 009e 00000000 		.4byte	.LASF15
 513 00a2 03       		.byte	0x3
 514 00a3 4D01     		.2byte	0x14d
 515 00a5 A9000000 		.4byte	0xa9
 516 00a9 06       		.uleb128 0x6
 517 00aa 7D000000 		.4byte	0x7d
 518 00ae 05       		.uleb128 0x5
 519 00af EF010000 		.4byte	.LASF16
 520 00b3 03       		.byte	0x3
 521 00b4 5D01     		.2byte	0x15d
 522 00b6 BA000000 		.4byte	0xba
 523 00ba 07       		.uleb128 0x7
 524 00bb 04       		.byte	0x4
 525 00bc C0000000 		.4byte	0xc0
 526 00c0 08       		.uleb128 0x8
 527 00c1 02       		.uleb128 0x2
ARM GAS  C:\Users\jdrd3\AppData\Local\Temp\ccYNJYgz.s 			page 20


 528 00c2 04       		.byte	0x4
 529 00c3 07       		.byte	0x7
 530 00c4 17020000 		.4byte	.LASF17
 531 00c8 09       		.uleb128 0x9
 532 00c9 04       		.byte	0x4
 533 00ca 0A       		.uleb128 0xa
 534 00cb 96000000 		.4byte	0x96
 535 00cf 04       		.uleb128 0x4
 536 00d0 06020000 		.4byte	.LASF18
 537 00d4 01       		.byte	0x1
 538 00d5 D0       		.byte	0xd0
 539 00d6 2C000000 		.4byte	0x2c
 540 00da 0B       		.uleb128 0xb
 541 00db B8020000 		.4byte	.LASF43
 542 00df 10       		.byte	0x10
 543 00e0 01       		.byte	0x1
 544 00e1 D2       		.byte	0xd2
 545 00e2 17010000 		.4byte	0x117
 546 00e6 0C       		.uleb128 0xc
 547 00e7 44000000 		.4byte	.LASF19
 548 00eb 01       		.byte	0x1
 549 00ec D4       		.byte	0xd4
 550 00ed 17010000 		.4byte	0x117
 551 00f1 00       		.byte	0
 552 00f2 0C       		.uleb128 0xc
 553 00f3 65000000 		.4byte	.LASF20
 554 00f7 01       		.byte	0x1
 555 00f8 D5       		.byte	0xd5
 556 00f9 17010000 		.4byte	0x117
 557 00fd 04       		.byte	0x4
 558 00fe 0C       		.uleb128 0xc
 559 00ff FC010000 		.4byte	.LASF21
 560 0103 01       		.byte	0x1
 561 0104 D6       		.byte	0xd6
 562 0105 6B000000 		.4byte	0x6b
 563 0109 08       		.byte	0x8
 564 010a 0C       		.uleb128 0xc
 565 010b 50000000 		.4byte	.LASF22
 566 010f 01       		.byte	0x1
 567 0110 D7       		.byte	0xd7
 568 0111 6B000000 		.4byte	0x6b
 569 0115 0C       		.byte	0xc
 570 0116 00       		.byte	0
 571 0117 07       		.uleb128 0x7
 572 0118 04       		.byte	0x4
 573 0119 CF000000 		.4byte	0xcf
 574 011d 0D       		.uleb128 0xd
 575 011e 63010000 		.4byte	.LASF44
 576 0122 01       		.byte	0x1
 577 0123 68       		.byte	0x68
 578 0124 00000000 		.4byte	.LFB0
 579 0128 06000000 		.4byte	.LFE0-.LFB0
 580 012c 01       		.uleb128 0x1
 581 012d 9C       		.byte	0x9c
 582 012e 0E       		.uleb128 0xe
 583 012f 5D010000 		.4byte	.LASF23
 584 0133 01       		.byte	0x1
ARM GAS  C:\Users\jdrd3\AppData\Local\Temp\ccYNJYgz.s 			page 21


 585 0134 F5       		.byte	0xf5
 586 0135 00000000 		.4byte	.LFB1
 587 0139 28000000 		.4byte	.LFE1-.LFB1
 588 013d 01       		.uleb128 0x1
 589 013e 9C       		.byte	0x9c
 590 013f 5E010000 		.4byte	0x15e
 591 0143 0F       		.uleb128 0xf
 592 0144 49000000 		.4byte	.LASF25
 593 0148 01       		.byte	0x1
 594 0149 F5       		.byte	0xf5
 595 014a 5D000000 		.4byte	0x5d
 596 014e 02       		.uleb128 0x2
 597 014f 91       		.byte	0x91
 598 0150 6C       		.sleb128 -20
 599 0151 10       		.uleb128 0x10
 600 0152 7800     		.ascii	"x\000"
 601 0154 01       		.byte	0x1
 602 0155 F8       		.byte	0xf8
 603 0156 5D000000 		.4byte	0x5d
 604 015a 02       		.uleb128 0x2
 605 015b 91       		.byte	0x91
 606 015c 74       		.sleb128 -12
 607 015d 00       		.byte	0
 608 015e 11       		.uleb128 0x11
 609 015f 75010000 		.4byte	.LASF24
 610 0163 01       		.byte	0x1
 611 0164 1601     		.2byte	0x116
 612 0166 C8000000 		.4byte	0xc8
 613 016a 00000000 		.4byte	.LFB2
 614 016e 50000000 		.4byte	.LFE2-.LFB2
 615 0172 01       		.uleb128 0x1
 616 0173 9C       		.byte	0x9c
 617 0174 B5010000 		.4byte	0x1b5
 618 0178 12       		.uleb128 0x12
 619 0179 B1020000 		.4byte	.LASF26
 620 017d 01       		.byte	0x1
 621 017e 1601     		.2byte	0x116
 622 0180 5D000000 		.4byte	0x5d
 623 0184 02       		.uleb128 0x2
 624 0185 91       		.byte	0x91
 625 0186 6C       		.sleb128 -20
 626 0187 13       		.uleb128 0x13
 627 0188 656E6400 		.ascii	"end\000"
 628 018c 01       		.byte	0x1
 629 018d 1801     		.2byte	0x118
 630 018f 5D000000 		.4byte	0x5d
 631 0193 14       		.uleb128 0x14
 632 0194 78000000 		.4byte	.LASF27
 633 0198 01       		.byte	0x1
 634 0199 1901     		.2byte	0x119
 635 019b C8000000 		.4byte	0xc8
 636 019f 02       		.uleb128 0x2
 637 01a0 91       		.byte	0x91
 638 01a1 74       		.sleb128 -12
 639 01a2 14       		.uleb128 0x14
 640 01a3 28000000 		.4byte	.LASF28
 641 01a7 01       		.byte	0x1
ARM GAS  C:\Users\jdrd3\AppData\Local\Temp\ccYNJYgz.s 			page 22


 642 01a8 1C01     		.2byte	0x11c
 643 01aa C8000000 		.4byte	0xc8
 644 01ae 05       		.uleb128 0x5
 645 01af 03       		.byte	0x3
 646 01b0 00000000 		.4byte	heapPointer.4808
 647 01b4 00       		.byte	0
 648 01b5 15       		.uleb128 0x15
 649 01b6 1A000000 		.4byte	.LASF29
 650 01ba 01       		.byte	0x1
 651 01bb 3E01     		.2byte	0x13e
 652 01bd 00000000 		.4byte	.LFB3
 653 01c1 98000000 		.4byte	.LFE3-.LFB3
 654 01c5 01       		.uleb128 0x1
 655 01c6 9C       		.byte	0x9c
 656 01c7 30020000 		.4byte	0x230
 657 01cb 14       		.uleb128 0x14
 658 01cc A9020000 		.4byte	.LASF30
 659 01d0 01       		.byte	0x1
 660 01d1 4001     		.2byte	0x140
 661 01d3 64000000 		.4byte	0x64
 662 01d7 02       		.uleb128 0x2
 663 01d8 91       		.byte	0x91
 664 01d9 74       		.sleb128 -12
 665 01da 14       		.uleb128 0x14
 666 01db 5A000000 		.4byte	.LASF31
 667 01df 01       		.byte	0x1
 668 01e0 4101     		.2byte	0x141
 669 01e2 30020000 		.4byte	0x230
 670 01e6 02       		.uleb128 0x2
 671 01e7 91       		.byte	0x91
 672 01e8 70       		.sleb128 -16
 673 01e9 16       		.uleb128 0x16
 674 01ea 14000000 		.4byte	.LBB2
 675 01ee 66000000 		.4byte	.LBE2-.LBB2
 676 01f2 17       		.uleb128 0x17
 677 01f3 73726300 		.ascii	"src\000"
 678 01f7 01       		.byte	0x1
 679 01f8 4601     		.2byte	0x146
 680 01fa 3B020000 		.4byte	0x23b
 681 01fe 02       		.uleb128 0x2
 682 01ff 91       		.byte	0x91
 683 0200 6C       		.sleb128 -20
 684 0201 17       		.uleb128 0x17
 685 0202 64737400 		.ascii	"dst\000"
 686 0206 01       		.byte	0x1
 687 0207 4701     		.2byte	0x147
 688 0209 3B020000 		.4byte	0x23b
 689 020d 02       		.uleb128 0x2
 690 020e 91       		.byte	0x91
 691 020f 68       		.sleb128 -24
 692 0210 14       		.uleb128 0x14
 693 0211 E9010000 		.4byte	.LASF32
 694 0215 01       		.byte	0x1
 695 0216 4801     		.2byte	0x148
 696 0218 64000000 		.4byte	0x64
 697 021c 02       		.uleb128 0x2
 698 021d 91       		.byte	0x91
ARM GAS  C:\Users\jdrd3\AppData\Local\Temp\ccYNJYgz.s 			page 23


 699 021e 60       		.sleb128 -32
 700 021f 14       		.uleb128 0x14
 701 0220 22000000 		.4byte	.LASF33
 702 0224 01       		.byte	0x1
 703 0225 4901     		.2byte	0x149
 704 0227 64000000 		.4byte	0x64
 705 022b 02       		.uleb128 0x2
 706 022c 91       		.byte	0x91
 707 022d 64       		.sleb128 -28
 708 022e 00       		.byte	0
 709 022f 00       		.byte	0
 710 0230 07       		.uleb128 0x7
 711 0231 04       		.byte	0x4
 712 0232 36020000 		.4byte	0x236
 713 0236 0A       		.uleb128 0xa
 714 0237 DA000000 		.4byte	0xda
 715 023b 07       		.uleb128 0x7
 716 023c 04       		.byte	0x4
 717 023d 7D000000 		.4byte	0x7d
 718 0241 18       		.uleb128 0x18
 719 0242 C9000000 		.4byte	.LASF45
 720 0246 01       		.byte	0x1
 721 0247 7501     		.2byte	0x175
 722 0249 00000000 		.4byte	.LFB4
 723 024d 08000000 		.4byte	.LFE4-.LFB4
 724 0251 01       		.uleb128 0x1
 725 0252 9C       		.byte	0x9c
 726 0253 19       		.uleb128 0x19
 727 0254 82010000 		.4byte	.LASF46
 728 0258 01       		.byte	0x1
 729 0259 F201     		.2byte	0x1f2
 730 025b 00000000 		.4byte	.LFB5
 731 025f 64000000 		.4byte	.LFE5-.LFB5
 732 0263 01       		.uleb128 0x1
 733 0264 9C       		.byte	0x9c
 734 0265 79020000 		.4byte	0x279
 735 0269 14       		.uleb128 0x14
 736 026a BB010000 		.4byte	.LASF34
 737 026e 01       		.byte	0x1
 738 026f F401     		.2byte	0x1f4
 739 0271 7D000000 		.4byte	0x7d
 740 0275 02       		.uleb128 0x2
 741 0276 91       		.byte	0x91
 742 0277 74       		.sleb128 -12
 743 0278 00       		.byte	0
 744 0279 1A       		.uleb128 0x1a
 745 027a A1000000 		.4byte	.LASF35
 746 027e 01       		.byte	0x1
 747 027f 3F       		.byte	0x3f
 748 0280 7D000000 		.4byte	0x7d
 749 0284 05       		.uleb128 0x5
 750 0285 03       		.byte	0x3
 751 0286 00000000 		.4byte	cySysNoInitDataValid
 752 028a 13       		.uleb128 0x13
 753 028b 656E6400 		.ascii	"end\000"
 754 028f 01       		.byte	0x1
 755 0290 1801     		.2byte	0x118
ARM GAS  C:\Users\jdrd3\AppData\Local\Temp\ccYNJYgz.s 			page 24


 756 0292 5D000000 		.4byte	0x5d
 757 0296 1B       		.uleb128 0x1b
 758 0297 36020000 		.4byte	0x236
 759 029b A1020000 		.4byte	0x2a1
 760 029f 1C       		.uleb128 0x1c
 761 02a0 00       		.byte	0
 762 02a1 1D       		.uleb128 0x1d
 763 02a2 9C020000 		.4byte	.LASF36
 764 02a6 01       		.byte	0x1
 765 02a7 DA       		.byte	0xda
 766 02a8 AC020000 		.4byte	0x2ac
 767 02ac 0A       		.uleb128 0xa
 768 02ad 96020000 		.4byte	0x296
 769 02b1 1D       		.uleb128 0x1d
 770 02b2 34000000 		.4byte	.LASF37
 771 02b6 01       		.byte	0x1
 772 02b7 DB       		.byte	0xdb
 773 02b8 CA000000 		.4byte	0xca
 774 02bc 1B       		.uleb128 0x1b
 775 02bd AE000000 		.4byte	0xae
 776 02c1 CC020000 		.4byte	0x2cc
 777 02c5 1E       		.uleb128 0x1e
 778 02c6 C1000000 		.4byte	0xc1
 779 02ca 2F       		.byte	0x2f
 780 02cb 00       		.byte	0
 781 02cc 1F       		.uleb128 0x1f
 782 02cd 0D000000 		.4byte	.LASF38
 783 02d1 01       		.byte	0x1
 784 02d2 BE01     		.2byte	0x1be
 785 02d4 BC020000 		.4byte	0x2bc
 786 02d8 05       		.uleb128 0x5
 787 02d9 03       		.byte	0x3
 788 02da 00000000 		.4byte	CyRamVectors
 789 02de 1B       		.uleb128 0x1b
 790 02df EE020000 		.4byte	0x2ee
 791 02e3 EE020000 		.4byte	0x2ee
 792 02e7 1E       		.uleb128 0x1e
 793 02e8 C1000000 		.4byte	0xc1
 794 02ec 03       		.byte	0x3
 795 02ed 00       		.byte	0
 796 02ee 0A       		.uleb128 0xa
 797 02ef AE000000 		.4byte	0xae
 798 02f3 1F       		.uleb128 0x1f
 799 02f4 84000000 		.4byte	.LASF39
 800 02f8 01       		.byte	0x1
 801 02f9 CF01     		.2byte	0x1cf
 802 02fb 05030000 		.4byte	0x305
 803 02ff 05       		.uleb128 0x5
 804 0300 03       		.byte	0x3
 805 0301 00000000 		.4byte	RomVectors
 806 0305 0A       		.uleb128 0xa
 807 0306 DE020000 		.4byte	0x2de
 808 030a 00       		.byte	0
 809              		.section	.debug_abbrev,"",%progbits
 810              	.Ldebug_abbrev0:
 811 0000 01       		.uleb128 0x1
 812 0001 11       		.uleb128 0x11
ARM GAS  C:\Users\jdrd3\AppData\Local\Temp\ccYNJYgz.s 			page 25


 813 0002 01       		.byte	0x1
 814 0003 25       		.uleb128 0x25
 815 0004 0E       		.uleb128 0xe
 816 0005 13       		.uleb128 0x13
 817 0006 0B       		.uleb128 0xb
 818 0007 03       		.uleb128 0x3
 819 0008 0E       		.uleb128 0xe
 820 0009 1B       		.uleb128 0x1b
 821 000a 0E       		.uleb128 0xe
 822 000b 55       		.uleb128 0x55
 823 000c 17       		.uleb128 0x17
 824 000d 11       		.uleb128 0x11
 825 000e 01       		.uleb128 0x1
 826 000f 10       		.uleb128 0x10
 827 0010 17       		.uleb128 0x17
 828 0011 00       		.byte	0
 829 0012 00       		.byte	0
 830 0013 02       		.uleb128 0x2
 831 0014 24       		.uleb128 0x24
 832 0015 00       		.byte	0
 833 0016 0B       		.uleb128 0xb
 834 0017 0B       		.uleb128 0xb
 835 0018 3E       		.uleb128 0x3e
 836 0019 0B       		.uleb128 0xb
 837 001a 03       		.uleb128 0x3
 838 001b 0E       		.uleb128 0xe
 839 001c 00       		.byte	0
 840 001d 00       		.byte	0
 841 001e 03       		.uleb128 0x3
 842 001f 24       		.uleb128 0x24
 843 0020 00       		.byte	0
 844 0021 0B       		.uleb128 0xb
 845 0022 0B       		.uleb128 0xb
 846 0023 3E       		.uleb128 0x3e
 847 0024 0B       		.uleb128 0xb
 848 0025 03       		.uleb128 0x3
 849 0026 08       		.uleb128 0x8
 850 0027 00       		.byte	0
 851 0028 00       		.byte	0
 852 0029 04       		.uleb128 0x4
 853 002a 16       		.uleb128 0x16
 854 002b 00       		.byte	0
 855 002c 03       		.uleb128 0x3
 856 002d 0E       		.uleb128 0xe
 857 002e 3A       		.uleb128 0x3a
 858 002f 0B       		.uleb128 0xb
 859 0030 3B       		.uleb128 0x3b
 860 0031 0B       		.uleb128 0xb
 861 0032 49       		.uleb128 0x49
 862 0033 13       		.uleb128 0x13
 863 0034 00       		.byte	0
 864 0035 00       		.byte	0
 865 0036 05       		.uleb128 0x5
 866 0037 16       		.uleb128 0x16
 867 0038 00       		.byte	0
 868 0039 03       		.uleb128 0x3
 869 003a 0E       		.uleb128 0xe
ARM GAS  C:\Users\jdrd3\AppData\Local\Temp\ccYNJYgz.s 			page 26


 870 003b 3A       		.uleb128 0x3a
 871 003c 0B       		.uleb128 0xb
 872 003d 3B       		.uleb128 0x3b
 873 003e 05       		.uleb128 0x5
 874 003f 49       		.uleb128 0x49
 875 0040 13       		.uleb128 0x13
 876 0041 00       		.byte	0
 877 0042 00       		.byte	0
 878 0043 06       		.uleb128 0x6
 879 0044 35       		.uleb128 0x35
 880 0045 00       		.byte	0
 881 0046 49       		.uleb128 0x49
 882 0047 13       		.uleb128 0x13
 883 0048 00       		.byte	0
 884 0049 00       		.byte	0
 885 004a 07       		.uleb128 0x7
 886 004b 0F       		.uleb128 0xf
 887 004c 00       		.byte	0
 888 004d 0B       		.uleb128 0xb
 889 004e 0B       		.uleb128 0xb
 890 004f 49       		.uleb128 0x49
 891 0050 13       		.uleb128 0x13
 892 0051 00       		.byte	0
 893 0052 00       		.byte	0
 894 0053 08       		.uleb128 0x8
 895 0054 15       		.uleb128 0x15
 896 0055 00       		.byte	0
 897 0056 27       		.uleb128 0x27
 898 0057 19       		.uleb128 0x19
 899 0058 00       		.byte	0
 900 0059 00       		.byte	0
 901 005a 09       		.uleb128 0x9
 902 005b 0F       		.uleb128 0xf
 903 005c 00       		.byte	0
 904 005d 0B       		.uleb128 0xb
 905 005e 0B       		.uleb128 0xb
 906 005f 00       		.byte	0
 907 0060 00       		.byte	0
 908 0061 0A       		.uleb128 0xa
 909 0062 26       		.uleb128 0x26
 910 0063 00       		.byte	0
 911 0064 49       		.uleb128 0x49
 912 0065 13       		.uleb128 0x13
 913 0066 00       		.byte	0
 914 0067 00       		.byte	0
 915 0068 0B       		.uleb128 0xb
 916 0069 13       		.uleb128 0x13
 917 006a 01       		.byte	0x1
 918 006b 03       		.uleb128 0x3
 919 006c 0E       		.uleb128 0xe
 920 006d 0B       		.uleb128 0xb
 921 006e 0B       		.uleb128 0xb
 922 006f 3A       		.uleb128 0x3a
 923 0070 0B       		.uleb128 0xb
 924 0071 3B       		.uleb128 0x3b
 925 0072 0B       		.uleb128 0xb
 926 0073 01       		.uleb128 0x1
ARM GAS  C:\Users\jdrd3\AppData\Local\Temp\ccYNJYgz.s 			page 27


 927 0074 13       		.uleb128 0x13
 928 0075 00       		.byte	0
 929 0076 00       		.byte	0
 930 0077 0C       		.uleb128 0xc
 931 0078 0D       		.uleb128 0xd
 932 0079 00       		.byte	0
 933 007a 03       		.uleb128 0x3
 934 007b 0E       		.uleb128 0xe
 935 007c 3A       		.uleb128 0x3a
 936 007d 0B       		.uleb128 0xb
 937 007e 3B       		.uleb128 0x3b
 938 007f 0B       		.uleb128 0xb
 939 0080 49       		.uleb128 0x49
 940 0081 13       		.uleb128 0x13
 941 0082 38       		.uleb128 0x38
 942 0083 0B       		.uleb128 0xb
 943 0084 00       		.byte	0
 944 0085 00       		.byte	0
 945 0086 0D       		.uleb128 0xd
 946 0087 2E       		.uleb128 0x2e
 947 0088 00       		.byte	0
 948 0089 3F       		.uleb128 0x3f
 949 008a 19       		.uleb128 0x19
 950 008b 03       		.uleb128 0x3
 951 008c 0E       		.uleb128 0xe
 952 008d 3A       		.uleb128 0x3a
 953 008e 0B       		.uleb128 0xb
 954 008f 3B       		.uleb128 0x3b
 955 0090 0B       		.uleb128 0xb
 956 0091 27       		.uleb128 0x27
 957 0092 19       		.uleb128 0x19
 958 0093 8701     		.uleb128 0x87
 959 0095 19       		.uleb128 0x19
 960 0096 11       		.uleb128 0x11
 961 0097 01       		.uleb128 0x1
 962 0098 12       		.uleb128 0x12
 963 0099 06       		.uleb128 0x6
 964 009a 40       		.uleb128 0x40
 965 009b 18       		.uleb128 0x18
 966 009c 9742     		.uleb128 0x2117
 967 009e 19       		.uleb128 0x19
 968 009f 00       		.byte	0
 969 00a0 00       		.byte	0
 970 00a1 0E       		.uleb128 0xe
 971 00a2 2E       		.uleb128 0x2e
 972 00a3 01       		.byte	0x1
 973 00a4 3F       		.uleb128 0x3f
 974 00a5 19       		.uleb128 0x19
 975 00a6 03       		.uleb128 0x3
 976 00a7 0E       		.uleb128 0xe
 977 00a8 3A       		.uleb128 0x3a
 978 00a9 0B       		.uleb128 0xb
 979 00aa 3B       		.uleb128 0x3b
 980 00ab 0B       		.uleb128 0xb
 981 00ac 27       		.uleb128 0x27
 982 00ad 19       		.uleb128 0x19
 983 00ae 8701     		.uleb128 0x87
ARM GAS  C:\Users\jdrd3\AppData\Local\Temp\ccYNJYgz.s 			page 28


 984 00b0 19       		.uleb128 0x19
 985 00b1 11       		.uleb128 0x11
 986 00b2 01       		.uleb128 0x1
 987 00b3 12       		.uleb128 0x12
 988 00b4 06       		.uleb128 0x6
 989 00b5 40       		.uleb128 0x40
 990 00b6 18       		.uleb128 0x18
 991 00b7 9642     		.uleb128 0x2116
 992 00b9 19       		.uleb128 0x19
 993 00ba 01       		.uleb128 0x1
 994 00bb 13       		.uleb128 0x13
 995 00bc 00       		.byte	0
 996 00bd 00       		.byte	0
 997 00be 0F       		.uleb128 0xf
 998 00bf 05       		.uleb128 0x5
 999 00c0 00       		.byte	0
 1000 00c1 03       		.uleb128 0x3
 1001 00c2 0E       		.uleb128 0xe
 1002 00c3 3A       		.uleb128 0x3a
 1003 00c4 0B       		.uleb128 0xb
 1004 00c5 3B       		.uleb128 0x3b
 1005 00c6 0B       		.uleb128 0xb
 1006 00c7 49       		.uleb128 0x49
 1007 00c8 13       		.uleb128 0x13
 1008 00c9 02       		.uleb128 0x2
 1009 00ca 18       		.uleb128 0x18
 1010 00cb 00       		.byte	0
 1011 00cc 00       		.byte	0
 1012 00cd 10       		.uleb128 0x10
 1013 00ce 34       		.uleb128 0x34
 1014 00cf 00       		.byte	0
 1015 00d0 03       		.uleb128 0x3
 1016 00d1 08       		.uleb128 0x8
 1017 00d2 3A       		.uleb128 0x3a
 1018 00d3 0B       		.uleb128 0xb
 1019 00d4 3B       		.uleb128 0x3b
 1020 00d5 0B       		.uleb128 0xb
 1021 00d6 49       		.uleb128 0x49
 1022 00d7 13       		.uleb128 0x13
 1023 00d8 02       		.uleb128 0x2
 1024 00d9 18       		.uleb128 0x18
 1025 00da 00       		.byte	0
 1026 00db 00       		.byte	0
 1027 00dc 11       		.uleb128 0x11
 1028 00dd 2E       		.uleb128 0x2e
 1029 00de 01       		.byte	0x1
 1030 00df 3F       		.uleb128 0x3f
 1031 00e0 19       		.uleb128 0x19
 1032 00e1 03       		.uleb128 0x3
 1033 00e2 0E       		.uleb128 0xe
 1034 00e3 3A       		.uleb128 0x3a
 1035 00e4 0B       		.uleb128 0xb
 1036 00e5 3B       		.uleb128 0x3b
 1037 00e6 05       		.uleb128 0x5
 1038 00e7 27       		.uleb128 0x27
 1039 00e8 19       		.uleb128 0x19
 1040 00e9 49       		.uleb128 0x49
ARM GAS  C:\Users\jdrd3\AppData\Local\Temp\ccYNJYgz.s 			page 29


 1041 00ea 13       		.uleb128 0x13
 1042 00eb 11       		.uleb128 0x11
 1043 00ec 01       		.uleb128 0x1
 1044 00ed 12       		.uleb128 0x12
 1045 00ee 06       		.uleb128 0x6
 1046 00ef 40       		.uleb128 0x40
 1047 00f0 18       		.uleb128 0x18
 1048 00f1 9642     		.uleb128 0x2116
 1049 00f3 19       		.uleb128 0x19
 1050 00f4 01       		.uleb128 0x1
 1051 00f5 13       		.uleb128 0x13
 1052 00f6 00       		.byte	0
 1053 00f7 00       		.byte	0
 1054 00f8 12       		.uleb128 0x12
 1055 00f9 05       		.uleb128 0x5
 1056 00fa 00       		.byte	0
 1057 00fb 03       		.uleb128 0x3
 1058 00fc 0E       		.uleb128 0xe
 1059 00fd 3A       		.uleb128 0x3a
 1060 00fe 0B       		.uleb128 0xb
 1061 00ff 3B       		.uleb128 0x3b
 1062 0100 05       		.uleb128 0x5
 1063 0101 49       		.uleb128 0x49
 1064 0102 13       		.uleb128 0x13
 1065 0103 02       		.uleb128 0x2
 1066 0104 18       		.uleb128 0x18
 1067 0105 00       		.byte	0
 1068 0106 00       		.byte	0
 1069 0107 13       		.uleb128 0x13
 1070 0108 34       		.uleb128 0x34
 1071 0109 00       		.byte	0
 1072 010a 03       		.uleb128 0x3
 1073 010b 08       		.uleb128 0x8
 1074 010c 3A       		.uleb128 0x3a
 1075 010d 0B       		.uleb128 0xb
 1076 010e 3B       		.uleb128 0x3b
 1077 010f 05       		.uleb128 0x5
 1078 0110 49       		.uleb128 0x49
 1079 0111 13       		.uleb128 0x13
 1080 0112 3F       		.uleb128 0x3f
 1081 0113 19       		.uleb128 0x19
 1082 0114 3C       		.uleb128 0x3c
 1083 0115 19       		.uleb128 0x19
 1084 0116 00       		.byte	0
 1085 0117 00       		.byte	0
 1086 0118 14       		.uleb128 0x14
 1087 0119 34       		.uleb128 0x34
 1088 011a 00       		.byte	0
 1089 011b 03       		.uleb128 0x3
 1090 011c 0E       		.uleb128 0xe
 1091 011d 3A       		.uleb128 0x3a
 1092 011e 0B       		.uleb128 0xb
 1093 011f 3B       		.uleb128 0x3b
 1094 0120 05       		.uleb128 0x5
 1095 0121 49       		.uleb128 0x49
 1096 0122 13       		.uleb128 0x13
 1097 0123 02       		.uleb128 0x2
ARM GAS  C:\Users\jdrd3\AppData\Local\Temp\ccYNJYgz.s 			page 30


 1098 0124 18       		.uleb128 0x18
 1099 0125 00       		.byte	0
 1100 0126 00       		.byte	0
 1101 0127 15       		.uleb128 0x15
 1102 0128 2E       		.uleb128 0x2e
 1103 0129 01       		.byte	0x1
 1104 012a 3F       		.uleb128 0x3f
 1105 012b 19       		.uleb128 0x19
 1106 012c 03       		.uleb128 0x3
 1107 012d 0E       		.uleb128 0xe
 1108 012e 3A       		.uleb128 0x3a
 1109 012f 0B       		.uleb128 0xb
 1110 0130 3B       		.uleb128 0x3b
 1111 0131 05       		.uleb128 0x5
 1112 0132 27       		.uleb128 0x27
 1113 0133 19       		.uleb128 0x19
 1114 0134 8701     		.uleb128 0x87
 1115 0136 19       		.uleb128 0x19
 1116 0137 11       		.uleb128 0x11
 1117 0138 01       		.uleb128 0x1
 1118 0139 12       		.uleb128 0x12
 1119 013a 06       		.uleb128 0x6
 1120 013b 40       		.uleb128 0x40
 1121 013c 18       		.uleb128 0x18
 1122 013d 9642     		.uleb128 0x2116
 1123 013f 19       		.uleb128 0x19
 1124 0140 01       		.uleb128 0x1
 1125 0141 13       		.uleb128 0x13
 1126 0142 00       		.byte	0
 1127 0143 00       		.byte	0
 1128 0144 16       		.uleb128 0x16
 1129 0145 0B       		.uleb128 0xb
 1130 0146 01       		.byte	0x1
 1131 0147 11       		.uleb128 0x11
 1132 0148 01       		.uleb128 0x1
 1133 0149 12       		.uleb128 0x12
 1134 014a 06       		.uleb128 0x6
 1135 014b 00       		.byte	0
 1136 014c 00       		.byte	0
 1137 014d 17       		.uleb128 0x17
 1138 014e 34       		.uleb128 0x34
 1139 014f 00       		.byte	0
 1140 0150 03       		.uleb128 0x3
 1141 0151 08       		.uleb128 0x8
 1142 0152 3A       		.uleb128 0x3a
 1143 0153 0B       		.uleb128 0xb
 1144 0154 3B       		.uleb128 0x3b
 1145 0155 05       		.uleb128 0x5
 1146 0156 49       		.uleb128 0x49
 1147 0157 13       		.uleb128 0x13
 1148 0158 02       		.uleb128 0x2
 1149 0159 18       		.uleb128 0x18
 1150 015a 00       		.byte	0
 1151 015b 00       		.byte	0
 1152 015c 18       		.uleb128 0x18
 1153 015d 2E       		.uleb128 0x2e
 1154 015e 00       		.byte	0
ARM GAS  C:\Users\jdrd3\AppData\Local\Temp\ccYNJYgz.s 			page 31


 1155 015f 3F       		.uleb128 0x3f
 1156 0160 19       		.uleb128 0x19
 1157 0161 03       		.uleb128 0x3
 1158 0162 0E       		.uleb128 0xe
 1159 0163 3A       		.uleb128 0x3a
 1160 0164 0B       		.uleb128 0xb
 1161 0165 3B       		.uleb128 0x3b
 1162 0166 05       		.uleb128 0x5
 1163 0167 27       		.uleb128 0x27
 1164 0168 19       		.uleb128 0x19
 1165 0169 11       		.uleb128 0x11
 1166 016a 01       		.uleb128 0x1
 1167 016b 12       		.uleb128 0x12
 1168 016c 06       		.uleb128 0x6
 1169 016d 40       		.uleb128 0x40
 1170 016e 18       		.uleb128 0x18
 1171 016f 9642     		.uleb128 0x2116
 1172 0171 19       		.uleb128 0x19
 1173 0172 00       		.byte	0
 1174 0173 00       		.byte	0
 1175 0174 19       		.uleb128 0x19
 1176 0175 2E       		.uleb128 0x2e
 1177 0176 01       		.byte	0x1
 1178 0177 3F       		.uleb128 0x3f
 1179 0178 19       		.uleb128 0x19
 1180 0179 03       		.uleb128 0x3
 1181 017a 0E       		.uleb128 0xe
 1182 017b 3A       		.uleb128 0x3a
 1183 017c 0B       		.uleb128 0xb
 1184 017d 3B       		.uleb128 0x3b
 1185 017e 05       		.uleb128 0x5
 1186 017f 27       		.uleb128 0x27
 1187 0180 19       		.uleb128 0x19
 1188 0181 11       		.uleb128 0x11
 1189 0182 01       		.uleb128 0x1
 1190 0183 12       		.uleb128 0x12
 1191 0184 06       		.uleb128 0x6
 1192 0185 40       		.uleb128 0x40
 1193 0186 18       		.uleb128 0x18
 1194 0187 9642     		.uleb128 0x2116
 1195 0189 19       		.uleb128 0x19
 1196 018a 01       		.uleb128 0x1
 1197 018b 13       		.uleb128 0x13
 1198 018c 00       		.byte	0
 1199 018d 00       		.byte	0
 1200 018e 1A       		.uleb128 0x1a
 1201 018f 34       		.uleb128 0x34
 1202 0190 00       		.byte	0
 1203 0191 03       		.uleb128 0x3
 1204 0192 0E       		.uleb128 0xe
 1205 0193 3A       		.uleb128 0x3a
 1206 0194 0B       		.uleb128 0xb
 1207 0195 3B       		.uleb128 0x3b
 1208 0196 0B       		.uleb128 0xb
 1209 0197 49       		.uleb128 0x49
 1210 0198 13       		.uleb128 0x13
 1211 0199 02       		.uleb128 0x2
ARM GAS  C:\Users\jdrd3\AppData\Local\Temp\ccYNJYgz.s 			page 32


 1212 019a 18       		.uleb128 0x18
 1213 019b 00       		.byte	0
 1214 019c 00       		.byte	0
 1215 019d 1B       		.uleb128 0x1b
 1216 019e 01       		.uleb128 0x1
 1217 019f 01       		.byte	0x1
 1218 01a0 49       		.uleb128 0x49
 1219 01a1 13       		.uleb128 0x13
 1220 01a2 01       		.uleb128 0x1
 1221 01a3 13       		.uleb128 0x13
 1222 01a4 00       		.byte	0
 1223 01a5 00       		.byte	0
 1224 01a6 1C       		.uleb128 0x1c
 1225 01a7 21       		.uleb128 0x21
 1226 01a8 00       		.byte	0
 1227 01a9 00       		.byte	0
 1228 01aa 00       		.byte	0
 1229 01ab 1D       		.uleb128 0x1d
 1230 01ac 34       		.uleb128 0x34
 1231 01ad 00       		.byte	0
 1232 01ae 03       		.uleb128 0x3
 1233 01af 0E       		.uleb128 0xe
 1234 01b0 3A       		.uleb128 0x3a
 1235 01b1 0B       		.uleb128 0xb
 1236 01b2 3B       		.uleb128 0x3b
 1237 01b3 0B       		.uleb128 0xb
 1238 01b4 49       		.uleb128 0x49
 1239 01b5 13       		.uleb128 0x13
 1240 01b6 3F       		.uleb128 0x3f
 1241 01b7 19       		.uleb128 0x19
 1242 01b8 3C       		.uleb128 0x3c
 1243 01b9 19       		.uleb128 0x19
 1244 01ba 00       		.byte	0
 1245 01bb 00       		.byte	0
 1246 01bc 1E       		.uleb128 0x1e
 1247 01bd 21       		.uleb128 0x21
 1248 01be 00       		.byte	0
 1249 01bf 49       		.uleb128 0x49
 1250 01c0 13       		.uleb128 0x13
 1251 01c1 2F       		.uleb128 0x2f
 1252 01c2 0B       		.uleb128 0xb
 1253 01c3 00       		.byte	0
 1254 01c4 00       		.byte	0
 1255 01c5 1F       		.uleb128 0x1f
 1256 01c6 34       		.uleb128 0x34
 1257 01c7 00       		.byte	0
 1258 01c8 03       		.uleb128 0x3
 1259 01c9 0E       		.uleb128 0xe
 1260 01ca 3A       		.uleb128 0x3a
 1261 01cb 0B       		.uleb128 0xb
 1262 01cc 3B       		.uleb128 0x3b
 1263 01cd 05       		.uleb128 0x5
 1264 01ce 49       		.uleb128 0x49
 1265 01cf 13       		.uleb128 0x13
 1266 01d0 3F       		.uleb128 0x3f
 1267 01d1 19       		.uleb128 0x19
 1268 01d2 02       		.uleb128 0x2
ARM GAS  C:\Users\jdrd3\AppData\Local\Temp\ccYNJYgz.s 			page 33


 1269 01d3 18       		.uleb128 0x18
 1270 01d4 00       		.byte	0
 1271 01d5 00       		.byte	0
 1272 01d6 00       		.byte	0
 1273              		.section	.debug_aranges,"",%progbits
 1274 0000 44000000 		.4byte	0x44
 1275 0004 0200     		.2byte	0x2
 1276 0006 00000000 		.4byte	.Ldebug_info0
 1277 000a 04       		.byte	0x4
 1278 000b 00       		.byte	0
 1279 000c 0000     		.2byte	0
 1280 000e 0000     		.2byte	0
 1281 0010 00000000 		.4byte	.LFB0
 1282 0014 06000000 		.4byte	.LFE0-.LFB0
 1283 0018 00000000 		.4byte	.LFB1
 1284 001c 28000000 		.4byte	.LFE1-.LFB1
 1285 0020 00000000 		.4byte	.LFB2
 1286 0024 50000000 		.4byte	.LFE2-.LFB2
 1287 0028 00000000 		.4byte	.LFB3
 1288 002c 98000000 		.4byte	.LFE3-.LFB3
 1289 0030 00000000 		.4byte	.LFB4
 1290 0034 08000000 		.4byte	.LFE4-.LFB4
 1291 0038 00000000 		.4byte	.LFB5
 1292 003c 64000000 		.4byte	.LFE5-.LFB5
 1293 0040 00000000 		.4byte	0
 1294 0044 00000000 		.4byte	0
 1295              		.section	.debug_ranges,"",%progbits
 1296              	.Ldebug_ranges0:
 1297 0000 00000000 		.4byte	.LFB0
 1298 0004 06000000 		.4byte	.LFE0
 1299 0008 00000000 		.4byte	.LFB1
 1300 000c 28000000 		.4byte	.LFE1
 1301 0010 00000000 		.4byte	.LFB2
 1302 0014 50000000 		.4byte	.LFE2
 1303 0018 00000000 		.4byte	.LFB3
 1304 001c 98000000 		.4byte	.LFE3
 1305 0020 00000000 		.4byte	.LFB4
 1306 0024 08000000 		.4byte	.LFE4
 1307 0028 00000000 		.4byte	.LFB5
 1308 002c 64000000 		.4byte	.LFE5
 1309 0030 00000000 		.4byte	0
 1310 0034 00000000 		.4byte	0
 1311              		.section	.debug_line,"",%progbits
 1312              	.Ldebug_line0:
 1313 0000 C2010000 		.section	.debug_str,"MS",%progbits,1
 1313      0200C700 
 1313      00000201 
 1313      FB0E0D00 
 1313      01010101 
 1314              	.LASF15:
 1315 0000 72656733 		.ascii	"reg32\000"
 1315      3200
 1316              	.LASF10:
 1317 0006 73697A65 		.ascii	"size_t\000"
 1317      5F7400
 1318              	.LASF38:
 1319 000d 43795261 		.ascii	"CyRamVectors\000"
ARM GAS  C:\Users\jdrd3\AppData\Local\Temp\ccYNJYgz.s 			page 34


 1319      6D566563 
 1319      746F7273 
 1319      00
 1320              	.LASF29:
 1321 001a 53746172 		.ascii	"Start_c\000"
 1321      745F6300 
 1322              	.LASF33:
 1323 0022 636F756E 		.ascii	"count\000"
 1323      7400
 1324              	.LASF28:
 1325 0028 68656170 		.ascii	"heapPointer\000"
 1325      506F696E 
 1325      74657200 
 1326              	.LASF37:
 1327 0034 5F5F6379 		.ascii	"__cy_region_num\000"
 1327      5F726567 
 1327      696F6E5F 
 1327      6E756D00 
 1328              	.LASF19:
 1329 0044 696E6974 		.ascii	"init\000"
 1329      00
 1330              	.LASF25:
 1331 0049 73746174 		.ascii	"status\000"
 1331      757300
 1332              	.LASF22:
 1333 0050 7A65726F 		.ascii	"zero_size\000"
 1333      5F73697A 
 1333      6500
 1334              	.LASF31:
 1335 005a 72707472 		.ascii	"rptr\000"
 1335      00
 1336              	.LASF12:
 1337 005f 666C6F61 		.ascii	"float\000"
 1337      7400
 1338              	.LASF20:
 1339 0065 64617461 		.ascii	"data\000"
 1339      00
 1340              	.LASF1:
 1341 006a 756E7369 		.ascii	"unsigned char\000"
 1341      676E6564 
 1341      20636861 
 1341      7200
 1342              	.LASF27:
 1343 0078 72657475 		.ascii	"returnValue\000"
 1343      726E5661 
 1343      6C756500 
 1344              	.LASF39:
 1345 0084 526F6D56 		.ascii	"RomVectors\000"
 1345      6563746F 
 1345      727300
 1346              	.LASF5:
 1347 008f 6C6F6E67 		.ascii	"long unsigned int\000"
 1347      20756E73 
 1347      69676E65 
 1347      6420696E 
 1347      7400
 1348              	.LASF35:
ARM GAS  C:\Users\jdrd3\AppData\Local\Temp\ccYNJYgz.s 			page 35


 1349 00a1 63795379 		.ascii	"cySysNoInitDataValid\000"
 1349      734E6F49 
 1349      6E697444 
 1349      61746156 
 1349      616C6964 
 1350              	.LASF3:
 1351 00b6 73686F72 		.ascii	"short unsigned int\000"
 1351      7420756E 
 1351      7369676E 
 1351      65642069 
 1351      6E7400
 1352              	.LASF45:
 1353 00c9 52657365 		.ascii	"Reset\000"
 1353      7400
 1354              	.LASF40:
 1355 00cf 474E5520 		.ascii	"GNU C11 5.4.1 20160609 (release) [ARM/embedded-5-br"
 1355      43313120 
 1355      352E342E 
 1355      31203230 
 1355      31363036 
 1356 0102 616E6368 		.ascii	"anch revision 237715] -mcpu=cortex-m0 -mthumb -g -O"
 1356      20726576 
 1356      6973696F 
 1356      6E203233 
 1356      37373135 
 1357 0135 30202D66 		.ascii	"0 -ffunction-sections -ffat-lto-objects\000"
 1357      66756E63 
 1357      74696F6E 
 1357      2D736563 
 1357      74696F6E 
 1358              	.LASF23:
 1359 015d 5F657869 		.ascii	"_exit\000"
 1359      7400
 1360              	.LASF44:
 1361 0163 496E7444 		.ascii	"IntDefaultHandler\000"
 1361      65666175 
 1361      6C744861 
 1361      6E646C65 
 1361      7200
 1362              	.LASF24:
 1363 0175 5F736272 		.ascii	"_sbrk\000"
 1363      6B00
 1364              	.LASF13:
 1365 017b 646F7562 		.ascii	"double\000"
 1365      6C6500
 1366              	.LASF46:
 1367 0182 696E6974 		.ascii	"initialize_psoc\000"
 1367      69616C69 
 1367      7A655F70 
 1367      736F6300 
 1368              	.LASF41:
 1369 0192 47656E65 		.ascii	"Generated_Source\\PSoC4\\Cm0Start.c\000"
 1369      72617465 
 1369      645F536F 
 1369      75726365 
 1369      5C50536F 
 1370              	.LASF11:
ARM GAS  C:\Users\jdrd3\AppData\Local\Temp\ccYNJYgz.s 			page 36


 1371 01b4 75696E74 		.ascii	"uint32\000"
 1371      333200
 1372              	.LASF34:
 1373 01bb 696E6465 		.ascii	"indexInit\000"
 1373      78496E69 
 1373      7400
 1374              	.LASF8:
 1375 01c5 756E7369 		.ascii	"unsigned int\000"
 1375      676E6564 
 1375      20696E74 
 1375      00
 1376              	.LASF7:
 1377 01d2 6C6F6E67 		.ascii	"long long unsigned int\000"
 1377      206C6F6E 
 1377      6720756E 
 1377      7369676E 
 1377      65642069 
 1378              	.LASF32:
 1379 01e9 6C696D69 		.ascii	"limit\000"
 1379      7400
 1380              	.LASF16:
 1381 01ef 63796973 		.ascii	"cyisraddress\000"
 1381      72616464 
 1381      72657373 
 1381      00
 1382              	.LASF21:
 1383 01fc 696E6974 		.ascii	"init_size\000"
 1383      5F73697A 
 1383      6500
 1384              	.LASF18:
 1385 0206 5F5F6379 		.ascii	"__cy_byte_align8\000"
 1385      5F627974 
 1385      655F616C 
 1385      69676E38 
 1385      00
 1386              	.LASF17:
 1387 0217 73697A65 		.ascii	"sizetype\000"
 1387      74797065 
 1387      00
 1388              	.LASF6:
 1389 0220 6C6F6E67 		.ascii	"long long int\000"
 1389      206C6F6E 
 1389      6720696E 
 1389      7400
 1390              	.LASF42:
 1391 022e 443A5C4E 		.ascii	"D:\\Nico\\Archivos\\lib_psoc\\Cypress-PSOC-OLED-mas"
 1391      69636F5C 
 1391      41726368 
 1391      69766F73 
 1391      5C6C6962 
 1392 025d 7465725C 		.ascii	"ter\\OLED.cydsn\000"
 1392      4F4C4544 
 1392      2E637964 
 1392      736E00
 1393              	.LASF14:
 1394 026c 63686172 		.ascii	"char\000"
 1394      00
ARM GAS  C:\Users\jdrd3\AppData\Local\Temp\ccYNJYgz.s 			page 37


 1395              	.LASF2:
 1396 0271 73686F72 		.ascii	"short int\000"
 1396      7420696E 
 1396      7400
 1397              	.LASF4:
 1398 027b 6C6F6E67 		.ascii	"long int\000"
 1398      20696E74 
 1398      00
 1399              	.LASF9:
 1400 0284 6C6F6E67 		.ascii	"long double\000"
 1400      20646F75 
 1400      626C6500 
 1401              	.LASF0:
 1402 0290 7369676E 		.ascii	"signed char\000"
 1402      65642063 
 1402      68617200 
 1403              	.LASF36:
 1404 029c 5F5F6379 		.ascii	"__cy_regions\000"
 1404      5F726567 
 1404      696F6E73 
 1404      00
 1405              	.LASF30:
 1406 02a9 72656769 		.ascii	"regions\000"
 1406      6F6E7300 
 1407              	.LASF26:
 1408 02b1 6E627974 		.ascii	"nbytes\000"
 1408      657300
 1409              	.LASF43:
 1410 02b8 5F5F6379 		.ascii	"__cy_region\000"
 1410      5F726567 
 1410      696F6E00 
 1411              		.ident	"GCC: (GNU Tools for ARM Embedded Processors) 5.4.1 20160609 (release) [ARM/embedded-5-bran
