ARM GAS  C:\Users\jdrd3\AppData\Local\Temp\ccaf5ZBD.s 			page 1


   1              		.syntax unified
   2              		.cpu cortex-m0
   3              		.fpu softvfp
   4              		.eabi_attribute 20, 1
   5              		.eabi_attribute 21, 1
   6              		.eabi_attribute 23, 3
   7              		.eabi_attribute 24, 1
   8              		.eabi_attribute 25, 1
   9              		.eabi_attribute 26, 1
  10              		.eabi_attribute 30, 6
  11              		.eabi_attribute 34, 0
  12              		.eabi_attribute 18, 4
  13              		.thumb
  14              		.syntax unified
  15              		.file	"cyutils.c"
  16              		.text
  17              	.Ltext0:
  18              		.cfi_sections	.debug_frame
  19              		.section	.text.CySetReg24,"ax",%progbits
  20              		.align	2
  21              		.global	CySetReg24
  22              		.code	16
  23              		.thumb_func
  24              		.type	CySetReg24, %function
  25              	CySetReg24:
  26              	.LFB0:
  27              		.file 1 "Generated_Source\\PSoC4\\cyutils.c"
   1:Generated_Source\PSoC4/cyutils.c **** /*******************************************************************************
   2:Generated_Source\PSoC4/cyutils.c **** * FILENAME: cyutils.c
   3:Generated_Source\PSoC4/cyutils.c **** * Version 4.20
   4:Generated_Source\PSoC4/cyutils.c **** *
   5:Generated_Source\PSoC4/cyutils.c **** *  Description:
   6:Generated_Source\PSoC4/cyutils.c **** *   CyUtils provides a function to handle 24-bit value writes.
   7:Generated_Source\PSoC4/cyutils.c **** *
   8:Generated_Source\PSoC4/cyutils.c **** ********************************************************************************
   9:Generated_Source\PSoC4/cyutils.c **** * Copyright 2008-2014, Cypress Semiconductor Corporation.  All rights reserved.
  10:Generated_Source\PSoC4/cyutils.c **** * You may use this file only in accordance with the license, terms, conditions,
  11:Generated_Source\PSoC4/cyutils.c **** * disclaimers, and limitations in the end user license agreement accompanying
  12:Generated_Source\PSoC4/cyutils.c **** * the software package with which this file was provided.
  13:Generated_Source\PSoC4/cyutils.c **** *******************************************************************************/
  14:Generated_Source\PSoC4/cyutils.c **** 
  15:Generated_Source\PSoC4/cyutils.c **** #include "cytypes.h"
  16:Generated_Source\PSoC4/cyutils.c **** 
  17:Generated_Source\PSoC4/cyutils.c **** #if (!CY_PSOC3)
  18:Generated_Source\PSoC4/cyutils.c **** 
  19:Generated_Source\PSoC4/cyutils.c ****     /***************************************************************************
  20:Generated_Source\PSoC4/cyutils.c ****     * Function Name: CySetReg24
  21:Generated_Source\PSoC4/cyutils.c ****     ****************************************************************************
  22:Generated_Source\PSoC4/cyutils.c ****     *
  23:Generated_Source\PSoC4/cyutils.c ****     * Summary:
  24:Generated_Source\PSoC4/cyutils.c ****     *  Writes a 24-bit value to the specified register.
  25:Generated_Source\PSoC4/cyutils.c ****     *
  26:Generated_Source\PSoC4/cyutils.c ****     * Parameters:
  27:Generated_Source\PSoC4/cyutils.c ****     *  addr : the address where data must be written.
  28:Generated_Source\PSoC4/cyutils.c ****     *  value: the data that must be written.
  29:Generated_Source\PSoC4/cyutils.c ****     *
  30:Generated_Source\PSoC4/cyutils.c ****     * Return:
ARM GAS  C:\Users\jdrd3\AppData\Local\Temp\ccaf5ZBD.s 			page 2


  31:Generated_Source\PSoC4/cyutils.c ****     *  None
  32:Generated_Source\PSoC4/cyutils.c ****     *
  33:Generated_Source\PSoC4/cyutils.c ****     * Reentrant:
  34:Generated_Source\PSoC4/cyutils.c ****     *  No
  35:Generated_Source\PSoC4/cyutils.c ****     *
  36:Generated_Source\PSoC4/cyutils.c ****     ***************************************************************************/
  37:Generated_Source\PSoC4/cyutils.c ****     void CySetReg24(uint32 volatile * addr, uint32 value)
  38:Generated_Source\PSoC4/cyutils.c ****     {
  28              		.loc 1 38 0
  29              		.cfi_startproc
  30              		@ args = 0, pretend = 0, frame = 16
  31              		@ frame_needed = 1, uses_anonymous_args = 0
  32 0000 80B5     		push	{r7, lr}
  33              		.cfi_def_cfa_offset 8
  34              		.cfi_offset 7, -8
  35              		.cfi_offset 14, -4
  36 0002 84B0     		sub	sp, sp, #16
  37              		.cfi_def_cfa_offset 24
  38 0004 00AF     		add	r7, sp, #0
  39              		.cfi_def_cfa_register 7
  40 0006 7860     		str	r0, [r7, #4]
  41 0008 3960     		str	r1, [r7]
  39:Generated_Source\PSoC4/cyutils.c ****         uint8 volatile *tmpAddr;
  40:Generated_Source\PSoC4/cyutils.c **** 
  41:Generated_Source\PSoC4/cyutils.c ****         tmpAddr = (uint8 volatile *) addr;
  42              		.loc 1 41 0
  43 000a 7B68     		ldr	r3, [r7, #4]
  44 000c FB60     		str	r3, [r7, #12]
  42:Generated_Source\PSoC4/cyutils.c **** 
  43:Generated_Source\PSoC4/cyutils.c ****         tmpAddr[0u] = (uint8) value;
  45              		.loc 1 43 0
  46 000e 3B68     		ldr	r3, [r7]
  47 0010 DAB2     		uxtb	r2, r3
  48 0012 FB68     		ldr	r3, [r7, #12]
  49 0014 1A70     		strb	r2, [r3]
  44:Generated_Source\PSoC4/cyutils.c ****         tmpAddr[1u] = (uint8) (value >> 8u);
  50              		.loc 1 44 0
  51 0016 FB68     		ldr	r3, [r7, #12]
  52 0018 0133     		adds	r3, r3, #1
  53 001a 3A68     		ldr	r2, [r7]
  54 001c 120A     		lsrs	r2, r2, #8
  55 001e D2B2     		uxtb	r2, r2
  56 0020 1A70     		strb	r2, [r3]
  45:Generated_Source\PSoC4/cyutils.c ****         tmpAddr[2u] = (uint8) (value >> 16u);
  57              		.loc 1 45 0
  58 0022 FB68     		ldr	r3, [r7, #12]
  59 0024 0233     		adds	r3, r3, #2
  60 0026 3A68     		ldr	r2, [r7]
  61 0028 120C     		lsrs	r2, r2, #16
  62 002a D2B2     		uxtb	r2, r2
  63 002c 1A70     		strb	r2, [r3]
  46:Generated_Source\PSoC4/cyutils.c ****     }
  64              		.loc 1 46 0
  65 002e C046     		nop
  66 0030 BD46     		mov	sp, r7
  67 0032 04B0     		add	sp, sp, #16
  68              		@ sp needed
ARM GAS  C:\Users\jdrd3\AppData\Local\Temp\ccaf5ZBD.s 			page 3


  69 0034 80BD     		pop	{r7, pc}
  70              		.cfi_endproc
  71              	.LFE0:
  72              		.size	CySetReg24, .-CySetReg24
  73 0036 C046     		.section	.text.CyGetReg24,"ax",%progbits
  74              		.align	2
  75              		.global	CyGetReg24
  76              		.code	16
  77              		.thumb_func
  78              		.type	CyGetReg24, %function
  79              	CyGetReg24:
  80              	.LFB1:
  47:Generated_Source\PSoC4/cyutils.c **** 
  48:Generated_Source\PSoC4/cyutils.c **** 
  49:Generated_Source\PSoC4/cyutils.c ****     #if(CY_PSOC4)
  50:Generated_Source\PSoC4/cyutils.c **** 
  51:Generated_Source\PSoC4/cyutils.c ****         /***************************************************************************
  52:Generated_Source\PSoC4/cyutils.c ****         * Function Name: CyGetReg24
  53:Generated_Source\PSoC4/cyutils.c ****         ****************************************************************************
  54:Generated_Source\PSoC4/cyutils.c ****         *
  55:Generated_Source\PSoC4/cyutils.c ****         * Summary:
  56:Generated_Source\PSoC4/cyutils.c ****         *  Reads the 24-bit value from the specified register.
  57:Generated_Source\PSoC4/cyutils.c ****         *
  58:Generated_Source\PSoC4/cyutils.c ****         * Parameters:
  59:Generated_Source\PSoC4/cyutils.c ****         *  addr : the address where data must be read.
  60:Generated_Source\PSoC4/cyutils.c ****         *
  61:Generated_Source\PSoC4/cyutils.c ****         * Return:
  62:Generated_Source\PSoC4/cyutils.c ****         *  None
  63:Generated_Source\PSoC4/cyutils.c ****         *
  64:Generated_Source\PSoC4/cyutils.c ****         * Reentrant:
  65:Generated_Source\PSoC4/cyutils.c ****         *  No
  66:Generated_Source\PSoC4/cyutils.c ****         *
  67:Generated_Source\PSoC4/cyutils.c ****         ***************************************************************************/
  68:Generated_Source\PSoC4/cyutils.c ****         uint32 CyGetReg24(uint32 const volatile * addr)
  69:Generated_Source\PSoC4/cyutils.c ****         {
  81              		.loc 1 69 0
  82              		.cfi_startproc
  83              		@ args = 0, pretend = 0, frame = 16
  84              		@ frame_needed = 1, uses_anonymous_args = 0
  85 0000 80B5     		push	{r7, lr}
  86              		.cfi_def_cfa_offset 8
  87              		.cfi_offset 7, -8
  88              		.cfi_offset 14, -4
  89 0002 84B0     		sub	sp, sp, #16
  90              		.cfi_def_cfa_offset 24
  91 0004 00AF     		add	r7, sp, #0
  92              		.cfi_def_cfa_register 7
  93 0006 7860     		str	r0, [r7, #4]
  70:Generated_Source\PSoC4/cyutils.c ****             uint8 const volatile *tmpAddr;
  71:Generated_Source\PSoC4/cyutils.c ****             uint32 value;
  72:Generated_Source\PSoC4/cyutils.c **** 
  73:Generated_Source\PSoC4/cyutils.c ****             tmpAddr = (uint8 const volatile *) addr;
  94              		.loc 1 73 0
  95 0008 7B68     		ldr	r3, [r7, #4]
  96 000a FB60     		str	r3, [r7, #12]
  74:Generated_Source\PSoC4/cyutils.c **** 
  75:Generated_Source\PSoC4/cyutils.c ****             value  =  (uint32) tmpAddr[0u];
ARM GAS  C:\Users\jdrd3\AppData\Local\Temp\ccaf5ZBD.s 			page 4


  97              		.loc 1 75 0
  98 000c FB68     		ldr	r3, [r7, #12]
  99 000e 1B78     		ldrb	r3, [r3]
 100 0010 DBB2     		uxtb	r3, r3
 101 0012 BB60     		str	r3, [r7, #8]
  76:Generated_Source\PSoC4/cyutils.c ****             value |= ((uint32) tmpAddr[1u] << 8u );
 102              		.loc 1 76 0
 103 0014 FB68     		ldr	r3, [r7, #12]
 104 0016 0133     		adds	r3, r3, #1
 105 0018 1B78     		ldrb	r3, [r3]
 106 001a DBB2     		uxtb	r3, r3
 107 001c 1B02     		lsls	r3, r3, #8
 108 001e BA68     		ldr	r2, [r7, #8]
 109 0020 1343     		orrs	r3, r2
 110 0022 BB60     		str	r3, [r7, #8]
  77:Generated_Source\PSoC4/cyutils.c ****             value |= ((uint32) tmpAddr[2u] << 16u);
 111              		.loc 1 77 0
 112 0024 FB68     		ldr	r3, [r7, #12]
 113 0026 0233     		adds	r3, r3, #2
 114 0028 1B78     		ldrb	r3, [r3]
 115 002a DBB2     		uxtb	r3, r3
 116 002c 1B04     		lsls	r3, r3, #16
 117 002e BA68     		ldr	r2, [r7, #8]
 118 0030 1343     		orrs	r3, r2
 119 0032 BB60     		str	r3, [r7, #8]
  78:Generated_Source\PSoC4/cyutils.c **** 
  79:Generated_Source\PSoC4/cyutils.c ****             return(value);
 120              		.loc 1 79 0
 121 0034 BB68     		ldr	r3, [r7, #8]
  80:Generated_Source\PSoC4/cyutils.c ****         }
 122              		.loc 1 80 0
 123 0036 1800     		movs	r0, r3
 124 0038 BD46     		mov	sp, r7
 125 003a 04B0     		add	sp, sp, #16
 126              		@ sp needed
 127 003c 80BD     		pop	{r7, pc}
 128              		.cfi_endproc
 129              	.LFE1:
 130              		.size	CyGetReg24, .-CyGetReg24
 131 003e C046     		.text
 132              	.Letext0:
 133              		.file 2 "Generated_Source\\PSoC4\\cytypes.h"
 134              		.section	.debug_info,"",%progbits
 135              	.Ldebug_info0:
 136 0000 43010000 		.4byte	0x143
 137 0004 0400     		.2byte	0x4
 138 0006 00000000 		.4byte	.Ldebug_abbrev0
 139 000a 04       		.byte	0x4
 140 000b 01       		.uleb128 0x1
 141 000c 62000000 		.4byte	.LASF17
 142 0010 0C       		.byte	0xc
 143 0011 22010000 		.4byte	.LASF18
 144 0015 51010000 		.4byte	.LASF19
 145 0019 00000000 		.4byte	.Ldebug_ranges0+0
 146 001d 00000000 		.4byte	0
 147 0021 00000000 		.4byte	.Ldebug_line0
 148 0025 02       		.uleb128 0x2
ARM GAS  C:\Users\jdrd3\AppData\Local\Temp\ccaf5ZBD.s 			page 5


 149 0026 01       		.byte	0x1
 150 0027 06       		.byte	0x6
 151 0028 AD010000 		.4byte	.LASF0
 152 002c 02       		.uleb128 0x2
 153 002d 01       		.byte	0x1
 154 002e 08       		.byte	0x8
 155 002f 27000000 		.4byte	.LASF1
 156 0033 02       		.uleb128 0x2
 157 0034 02       		.byte	0x2
 158 0035 05       		.byte	0x5
 159 0036 94010000 		.4byte	.LASF2
 160 003a 02       		.uleb128 0x2
 161 003b 02       		.byte	0x2
 162 003c 07       		.byte	0x7
 163 003d 4F000000 		.4byte	.LASF3
 164 0041 02       		.uleb128 0x2
 165 0042 04       		.byte	0x4
 166 0043 05       		.byte	0x5
 167 0044 A4010000 		.4byte	.LASF4
 168 0048 02       		.uleb128 0x2
 169 0049 04       		.byte	0x4
 170 004a 07       		.byte	0x7
 171 004b 3D000000 		.4byte	.LASF5
 172 004f 02       		.uleb128 0x2
 173 0050 08       		.byte	0x8
 174 0051 05       		.byte	0x5
 175 0052 43010000 		.4byte	.LASF6
 176 0056 02       		.uleb128 0x2
 177 0057 08       		.byte	0x8
 178 0058 07       		.byte	0x7
 179 0059 0B010000 		.4byte	.LASF7
 180 005d 03       		.uleb128 0x3
 181 005e 04       		.byte	0x4
 182 005f 05       		.byte	0x5
 183 0060 696E7400 		.ascii	"int\000"
 184 0064 02       		.uleb128 0x2
 185 0065 04       		.byte	0x4
 186 0066 07       		.byte	0x7
 187 0067 FE000000 		.4byte	.LASF8
 188 006b 04       		.uleb128 0x4
 189 006c 9E010000 		.4byte	.LASF9
 190 0070 02       		.byte	0x2
 191 0071 A1       		.byte	0xa1
 192 0072 2C000000 		.4byte	0x2c
 193 0076 04       		.uleb128 0x4
 194 0077 F7000000 		.4byte	.LASF10
 195 007b 02       		.byte	0x2
 196 007c A3       		.byte	0xa3
 197 007d 48000000 		.4byte	0x48
 198 0081 02       		.uleb128 0x2
 199 0082 04       		.byte	0x4
 200 0083 04       		.byte	0x4
 201 0084 21000000 		.4byte	.LASF11
 202 0088 02       		.uleb128 0x2
 203 0089 08       		.byte	0x8
 204 008a 04       		.byte	0x4
 205 008b F0000000 		.4byte	.LASF12
ARM GAS  C:\Users\jdrd3\AppData\Local\Temp\ccaf5ZBD.s 			page 6


 206 008f 02       		.uleb128 0x2
 207 0090 01       		.byte	0x1
 208 0091 08       		.byte	0x8
 209 0092 8F010000 		.4byte	.LASF13
 210 0096 05       		.uleb128 0x5
 211 0097 6B000000 		.4byte	0x6b
 212 009b 05       		.uleb128 0x5
 213 009c 76000000 		.4byte	0x76
 214 00a0 06       		.uleb128 0x6
 215 00a1 11000000 		.4byte	.LASF20
 216 00a5 01       		.byte	0x1
 217 00a6 25       		.byte	0x25
 218 00a7 00000000 		.4byte	.LFB0
 219 00ab 36000000 		.4byte	.LFE0-.LFB0
 220 00af 01       		.uleb128 0x1
 221 00b0 9C       		.byte	0x9c
 222 00b1 E0000000 		.4byte	0xe0
 223 00b5 07       		.uleb128 0x7
 224 00b6 1C000000 		.4byte	.LASF14
 225 00ba 01       		.byte	0x1
 226 00bb 25       		.byte	0x25
 227 00bc E0000000 		.4byte	0xe0
 228 00c0 02       		.uleb128 0x2
 229 00c1 91       		.byte	0x91
 230 00c2 6C       		.sleb128 -20
 231 00c3 07       		.uleb128 0x7
 232 00c4 00000000 		.4byte	.LASF15
 233 00c8 01       		.byte	0x1
 234 00c9 25       		.byte	0x25
 235 00ca 76000000 		.4byte	0x76
 236 00ce 02       		.uleb128 0x2
 237 00cf 91       		.byte	0x91
 238 00d0 68       		.sleb128 -24
 239 00d1 08       		.uleb128 0x8
 240 00d2 35000000 		.4byte	.LASF16
 241 00d6 01       		.byte	0x1
 242 00d7 27       		.byte	0x27
 243 00d8 E6000000 		.4byte	0xe6
 244 00dc 02       		.uleb128 0x2
 245 00dd 91       		.byte	0x91
 246 00de 74       		.sleb128 -12
 247 00df 00       		.byte	0
 248 00e0 09       		.uleb128 0x9
 249 00e1 04       		.byte	0x4
 250 00e2 9B000000 		.4byte	0x9b
 251 00e6 09       		.uleb128 0x9
 252 00e7 04       		.byte	0x4
 253 00e8 96000000 		.4byte	0x96
 254 00ec 0A       		.uleb128 0xa
 255 00ed 06000000 		.4byte	.LASF21
 256 00f1 01       		.byte	0x1
 257 00f2 44       		.byte	0x44
 258 00f3 76000000 		.4byte	0x76
 259 00f7 00000000 		.4byte	.LFB1
 260 00fb 3E000000 		.4byte	.LFE1-.LFB1
 261 00ff 01       		.uleb128 0x1
 262 0100 9C       		.byte	0x9c
ARM GAS  C:\Users\jdrd3\AppData\Local\Temp\ccaf5ZBD.s 			page 7


 263 0101 30010000 		.4byte	0x130
 264 0105 07       		.uleb128 0x7
 265 0106 1C000000 		.4byte	.LASF14
 266 010a 01       		.byte	0x1
 267 010b 44       		.byte	0x44
 268 010c 30010000 		.4byte	0x130
 269 0110 02       		.uleb128 0x2
 270 0111 91       		.byte	0x91
 271 0112 6C       		.sleb128 -20
 272 0113 08       		.uleb128 0x8
 273 0114 35000000 		.4byte	.LASF16
 274 0118 01       		.byte	0x1
 275 0119 46       		.byte	0x46
 276 011a 3B010000 		.4byte	0x13b
 277 011e 02       		.uleb128 0x2
 278 011f 91       		.byte	0x91
 279 0120 74       		.sleb128 -12
 280 0121 08       		.uleb128 0x8
 281 0122 00000000 		.4byte	.LASF15
 282 0126 01       		.byte	0x1
 283 0127 47       		.byte	0x47
 284 0128 76000000 		.4byte	0x76
 285 012c 02       		.uleb128 0x2
 286 012d 91       		.byte	0x91
 287 012e 70       		.sleb128 -16
 288 012f 00       		.byte	0
 289 0130 09       		.uleb128 0x9
 290 0131 04       		.byte	0x4
 291 0132 36010000 		.4byte	0x136
 292 0136 0B       		.uleb128 0xb
 293 0137 9B000000 		.4byte	0x9b
 294 013b 09       		.uleb128 0x9
 295 013c 04       		.byte	0x4
 296 013d 41010000 		.4byte	0x141
 297 0141 0B       		.uleb128 0xb
 298 0142 96000000 		.4byte	0x96
 299 0146 00       		.byte	0
 300              		.section	.debug_abbrev,"",%progbits
 301              	.Ldebug_abbrev0:
 302 0000 01       		.uleb128 0x1
 303 0001 11       		.uleb128 0x11
 304 0002 01       		.byte	0x1
 305 0003 25       		.uleb128 0x25
 306 0004 0E       		.uleb128 0xe
 307 0005 13       		.uleb128 0x13
 308 0006 0B       		.uleb128 0xb
 309 0007 03       		.uleb128 0x3
 310 0008 0E       		.uleb128 0xe
 311 0009 1B       		.uleb128 0x1b
 312 000a 0E       		.uleb128 0xe
 313 000b 55       		.uleb128 0x55
 314 000c 17       		.uleb128 0x17
 315 000d 11       		.uleb128 0x11
 316 000e 01       		.uleb128 0x1
 317 000f 10       		.uleb128 0x10
 318 0010 17       		.uleb128 0x17
 319 0011 00       		.byte	0
ARM GAS  C:\Users\jdrd3\AppData\Local\Temp\ccaf5ZBD.s 			page 8


 320 0012 00       		.byte	0
 321 0013 02       		.uleb128 0x2
 322 0014 24       		.uleb128 0x24
 323 0015 00       		.byte	0
 324 0016 0B       		.uleb128 0xb
 325 0017 0B       		.uleb128 0xb
 326 0018 3E       		.uleb128 0x3e
 327 0019 0B       		.uleb128 0xb
 328 001a 03       		.uleb128 0x3
 329 001b 0E       		.uleb128 0xe
 330 001c 00       		.byte	0
 331 001d 00       		.byte	0
 332 001e 03       		.uleb128 0x3
 333 001f 24       		.uleb128 0x24
 334 0020 00       		.byte	0
 335 0021 0B       		.uleb128 0xb
 336 0022 0B       		.uleb128 0xb
 337 0023 3E       		.uleb128 0x3e
 338 0024 0B       		.uleb128 0xb
 339 0025 03       		.uleb128 0x3
 340 0026 08       		.uleb128 0x8
 341 0027 00       		.byte	0
 342 0028 00       		.byte	0
 343 0029 04       		.uleb128 0x4
 344 002a 16       		.uleb128 0x16
 345 002b 00       		.byte	0
 346 002c 03       		.uleb128 0x3
 347 002d 0E       		.uleb128 0xe
 348 002e 3A       		.uleb128 0x3a
 349 002f 0B       		.uleb128 0xb
 350 0030 3B       		.uleb128 0x3b
 351 0031 0B       		.uleb128 0xb
 352 0032 49       		.uleb128 0x49
 353 0033 13       		.uleb128 0x13
 354 0034 00       		.byte	0
 355 0035 00       		.byte	0
 356 0036 05       		.uleb128 0x5
 357 0037 35       		.uleb128 0x35
 358 0038 00       		.byte	0
 359 0039 49       		.uleb128 0x49
 360 003a 13       		.uleb128 0x13
 361 003b 00       		.byte	0
 362 003c 00       		.byte	0
 363 003d 06       		.uleb128 0x6
 364 003e 2E       		.uleb128 0x2e
 365 003f 01       		.byte	0x1
 366 0040 3F       		.uleb128 0x3f
 367 0041 19       		.uleb128 0x19
 368 0042 03       		.uleb128 0x3
 369 0043 0E       		.uleb128 0xe
 370 0044 3A       		.uleb128 0x3a
 371 0045 0B       		.uleb128 0xb
 372 0046 3B       		.uleb128 0x3b
 373 0047 0B       		.uleb128 0xb
 374 0048 27       		.uleb128 0x27
 375 0049 19       		.uleb128 0x19
 376 004a 11       		.uleb128 0x11
ARM GAS  C:\Users\jdrd3\AppData\Local\Temp\ccaf5ZBD.s 			page 9


 377 004b 01       		.uleb128 0x1
 378 004c 12       		.uleb128 0x12
 379 004d 06       		.uleb128 0x6
 380 004e 40       		.uleb128 0x40
 381 004f 18       		.uleb128 0x18
 382 0050 9742     		.uleb128 0x2117
 383 0052 19       		.uleb128 0x19
 384 0053 01       		.uleb128 0x1
 385 0054 13       		.uleb128 0x13
 386 0055 00       		.byte	0
 387 0056 00       		.byte	0
 388 0057 07       		.uleb128 0x7
 389 0058 05       		.uleb128 0x5
 390 0059 00       		.byte	0
 391 005a 03       		.uleb128 0x3
 392 005b 0E       		.uleb128 0xe
 393 005c 3A       		.uleb128 0x3a
 394 005d 0B       		.uleb128 0xb
 395 005e 3B       		.uleb128 0x3b
 396 005f 0B       		.uleb128 0xb
 397 0060 49       		.uleb128 0x49
 398 0061 13       		.uleb128 0x13
 399 0062 02       		.uleb128 0x2
 400 0063 18       		.uleb128 0x18
 401 0064 00       		.byte	0
 402 0065 00       		.byte	0
 403 0066 08       		.uleb128 0x8
 404 0067 34       		.uleb128 0x34
 405 0068 00       		.byte	0
 406 0069 03       		.uleb128 0x3
 407 006a 0E       		.uleb128 0xe
 408 006b 3A       		.uleb128 0x3a
 409 006c 0B       		.uleb128 0xb
 410 006d 3B       		.uleb128 0x3b
 411 006e 0B       		.uleb128 0xb
 412 006f 49       		.uleb128 0x49
 413 0070 13       		.uleb128 0x13
 414 0071 02       		.uleb128 0x2
 415 0072 18       		.uleb128 0x18
 416 0073 00       		.byte	0
 417 0074 00       		.byte	0
 418 0075 09       		.uleb128 0x9
 419 0076 0F       		.uleb128 0xf
 420 0077 00       		.byte	0
 421 0078 0B       		.uleb128 0xb
 422 0079 0B       		.uleb128 0xb
 423 007a 49       		.uleb128 0x49
 424 007b 13       		.uleb128 0x13
 425 007c 00       		.byte	0
 426 007d 00       		.byte	0
 427 007e 0A       		.uleb128 0xa
 428 007f 2E       		.uleb128 0x2e
 429 0080 01       		.byte	0x1
 430 0081 3F       		.uleb128 0x3f
 431 0082 19       		.uleb128 0x19
 432 0083 03       		.uleb128 0x3
 433 0084 0E       		.uleb128 0xe
ARM GAS  C:\Users\jdrd3\AppData\Local\Temp\ccaf5ZBD.s 			page 10


 434 0085 3A       		.uleb128 0x3a
 435 0086 0B       		.uleb128 0xb
 436 0087 3B       		.uleb128 0x3b
 437 0088 0B       		.uleb128 0xb
 438 0089 27       		.uleb128 0x27
 439 008a 19       		.uleb128 0x19
 440 008b 49       		.uleb128 0x49
 441 008c 13       		.uleb128 0x13
 442 008d 11       		.uleb128 0x11
 443 008e 01       		.uleb128 0x1
 444 008f 12       		.uleb128 0x12
 445 0090 06       		.uleb128 0x6
 446 0091 40       		.uleb128 0x40
 447 0092 18       		.uleb128 0x18
 448 0093 9742     		.uleb128 0x2117
 449 0095 19       		.uleb128 0x19
 450 0096 01       		.uleb128 0x1
 451 0097 13       		.uleb128 0x13
 452 0098 00       		.byte	0
 453 0099 00       		.byte	0
 454 009a 0B       		.uleb128 0xb
 455 009b 26       		.uleb128 0x26
 456 009c 00       		.byte	0
 457 009d 49       		.uleb128 0x49
 458 009e 13       		.uleb128 0x13
 459 009f 00       		.byte	0
 460 00a0 00       		.byte	0
 461 00a1 00       		.byte	0
 462              		.section	.debug_aranges,"",%progbits
 463 0000 24000000 		.4byte	0x24
 464 0004 0200     		.2byte	0x2
 465 0006 00000000 		.4byte	.Ldebug_info0
 466 000a 04       		.byte	0x4
 467 000b 00       		.byte	0
 468 000c 0000     		.2byte	0
 469 000e 0000     		.2byte	0
 470 0010 00000000 		.4byte	.LFB0
 471 0014 36000000 		.4byte	.LFE0-.LFB0
 472 0018 00000000 		.4byte	.LFB1
 473 001c 3E000000 		.4byte	.LFE1-.LFB1
 474 0020 00000000 		.4byte	0
 475 0024 00000000 		.4byte	0
 476              		.section	.debug_ranges,"",%progbits
 477              	.Ldebug_ranges0:
 478 0000 00000000 		.4byte	.LFB0
 479 0004 36000000 		.4byte	.LFE0
 480 0008 00000000 		.4byte	.LFB1
 481 000c 3E000000 		.4byte	.LFE1
 482 0010 00000000 		.4byte	0
 483 0014 00000000 		.4byte	0
 484              		.section	.debug_line,"",%progbits
 485              	.Ldebug_line0:
 486 0000 74000000 		.section	.debug_str,"MS",%progbits,1
 486      02004400 
 486      00000201 
 486      FB0E0D00 
 486      01010101 
ARM GAS  C:\Users\jdrd3\AppData\Local\Temp\ccaf5ZBD.s 			page 11


 487              	.LASF15:
 488 0000 76616C75 		.ascii	"value\000"
 488      6500
 489              	.LASF21:
 490 0006 43794765 		.ascii	"CyGetReg24\000"
 490      74526567 
 490      323400
 491              	.LASF20:
 492 0011 43795365 		.ascii	"CySetReg24\000"
 492      74526567 
 492      323400
 493              	.LASF14:
 494 001c 61646472 		.ascii	"addr\000"
 494      00
 495              	.LASF11:
 496 0021 666C6F61 		.ascii	"float\000"
 496      7400
 497              	.LASF1:
 498 0027 756E7369 		.ascii	"unsigned char\000"
 498      676E6564 
 498      20636861 
 498      7200
 499              	.LASF16:
 500 0035 746D7041 		.ascii	"tmpAddr\000"
 500      64647200 
 501              	.LASF5:
 502 003d 6C6F6E67 		.ascii	"long unsigned int\000"
 502      20756E73 
 502      69676E65 
 502      6420696E 
 502      7400
 503              	.LASF3:
 504 004f 73686F72 		.ascii	"short unsigned int\000"
 504      7420756E 
 504      7369676E 
 504      65642069 
 504      6E7400
 505              	.LASF17:
 506 0062 474E5520 		.ascii	"GNU C11 5.4.1 20160609 (release) [ARM/embedded-5-br"
 506      43313120 
 506      352E342E 
 506      31203230 
 506      31363036 
 507 0095 616E6368 		.ascii	"anch revision 237715] -mcpu=cortex-m0 -mthumb -g -O"
 507      20726576 
 507      6973696F 
 507      6E203233 
 507      37373135 
 508 00c8 30202D66 		.ascii	"0 -ffunction-sections -ffat-lto-objects\000"
 508      66756E63 
 508      74696F6E 
 508      2D736563 
 508      74696F6E 
 509              	.LASF12:
 510 00f0 646F7562 		.ascii	"double\000"
 510      6C6500
 511              	.LASF10:
ARM GAS  C:\Users\jdrd3\AppData\Local\Temp\ccaf5ZBD.s 			page 12


 512 00f7 75696E74 		.ascii	"uint32\000"
 512      333200
 513              	.LASF8:
 514 00fe 756E7369 		.ascii	"unsigned int\000"
 514      676E6564 
 514      20696E74 
 514      00
 515              	.LASF7:
 516 010b 6C6F6E67 		.ascii	"long long unsigned int\000"
 516      206C6F6E 
 516      6720756E 
 516      7369676E 
 516      65642069 
 517              	.LASF18:
 518 0122 47656E65 		.ascii	"Generated_Source\\PSoC4\\cyutils.c\000"
 518      72617465 
 518      645F536F 
 518      75726365 
 518      5C50536F 
 519              	.LASF6:
 520 0143 6C6F6E67 		.ascii	"long long int\000"
 520      206C6F6E 
 520      6720696E 
 520      7400
 521              	.LASF19:
 522 0151 443A5C4E 		.ascii	"D:\\Nico\\Archivos\\lib_psoc\\Cypress-PSOC-OLED-mas"
 522      69636F5C 
 522      41726368 
 522      69766F73 
 522      5C6C6962 
 523 0180 7465725C 		.ascii	"ter\\OLED.cydsn\000"
 523      4F4C4544 
 523      2E637964 
 523      736E00
 524              	.LASF13:
 525 018f 63686172 		.ascii	"char\000"
 525      00
 526              	.LASF2:
 527 0194 73686F72 		.ascii	"short int\000"
 527      7420696E 
 527      7400
 528              	.LASF9:
 529 019e 75696E74 		.ascii	"uint8\000"
 529      3800
 530              	.LASF4:
 531 01a4 6C6F6E67 		.ascii	"long int\000"
 531      20696E74 
 531      00
 532              	.LASF0:
 533 01ad 7369676E 		.ascii	"signed char\000"
 533      65642063 
 533      68617200 
 534              		.ident	"GCC: (GNU Tools for ARM Embedded Processors) 5.4.1 20160609 (release) [ARM/embedded-5-bran
